

<!DOCTYPE html>
<html>
<head>
<meta charset="UTF-8">
<meta name="viewport" content="width=device-width, initial-scale=1, shrink-to-fit=no">
<title>Test Execution Report</title>
<link rel="apple-touch-icon" href="https://cdn.jsdelivr.net/gh/extent-framework/extent-github-cdn@b00a2d0486596e73dd7326beacf352c639623a0e/commons/img/logo.png">
<link rel="shortcut icon" href="https://cdn.jsdelivr.net/gh/extent-framework/extent-github-cdn@b00a2d0486596e73dd7326beacf352c639623a0e/commons/img/logo.png">
<link href="https://cdn.jsdelivr.net/gh/extent-framework/extent-github-cdn@ce8b10435bcbae260c334c0d0c6b61d2c19b6168/spark/css/spark-style.css" rel="stylesheet" />
<link href="https://stackpath.bootstrapcdn.com/font-awesome/4.7.0/css/font-awesome.min.css" rel="stylesheet">
<script src="https://cdn.jsdelivr.net/gh/extent-framework/extent-github-cdn@7cc78ce/spark/js/jsontree.js"></script>
<style type="text/css"></style></head><body class="spa -report dark">
  <div class="app">
    <div class="layout">
<div class="header navbar">
<div class="vheader">
<div class="nav-logo">
<a href="#">
<div class="logo" style="background-image: url('https://cdn.jsdelivr.net/gh/extent-framework/extent-github-cdn@b00a2d0486596e73dd7326beacf352c639623a0e/commons/img/logo.png')"></div>
</a>
</div>
<ul class="nav-left">
<li class="search-box">
<a class="search-toggle" href="#">
<i class="search-icon fa fa-search"></i>
<i class="search-icon-close fa fa-close"></i>
</a>
</li>
<li class="search-input"><input id="search-tests" class="form-control" type="text" placeholder="Search..."></li>
</ul>
<ul class="nav-right">
<li class="m-r-10">
<a href="#"><span class="badge badge-primary">HRMS Regression Testing</span></a>
</li>
<li class="m-r-10">
<a href="#"><span class="badge badge-primary">Jan 30, 2025 03:36:39 pm</span></a>
</li>
</ul>
</div>
</div><div class="side-nav">
<div class="side-nav-inner">
<ul class="side-nav-menu">
<li class="nav-item dropdown" onclick="toggleView('test-view')">
<a id="nav-test" class="dropdown-toggle" href="#">
<span class="ico"><i class="fa fa-list"></i></span>
</a>
</li>
<li class="nav-item dropdown" onclick="toggleView('category-view')">
<a id="nav-category" class="dropdown-toggle" href="#">
<span class="ico"><i class="fa fa-tag"></i></span>
</a>
</li>
<li class="nav-item dropdown" onclick="toggleView('dashboard-view')">
<a id="nav-dashboard" class="dropdown-toggle" href="#">
<span class="ico"><i class="fa fa-bar-chart"></i></span>
</a>
</li>
</ul>
</div>
</div>      <div class="vcontainer">
        <div class="main-content">
<div class="test-wrapper row view test-view">
  <div class="test-list">
    <div class="test-list-tools">
<ul class="tools pull-left">
<li><a href="#"><span class="font-size-14">Tests</span></a></li>
</ul>
<ul class="tools text-right">
<li class="dropdown">
<a href="#" class="dropdown-toggle" data-toggle="dropdown"><i class="fa fa-exclamation-circle"></i></a>
<ul id="status-toggle" class="dropdown-menu dropdown-md p-v-0">
<a class="dropdown-item" status="pass" href="#"><span>Pass</span><span class="status success"></span></a>
<a class="dropdown-item" status="fail" href="#"><span>Fail</span><span class="status danger"></span></a>
<a class="dropdown-item" status="skip" href="#"><span>Skip</span><span class="status warning"></span></a>
<div class="dropdown-divider"></div>
<a status="clear" class="dropdown-item" href="#"><span>Clear</span><span class="pull-right"><i class="fa fa-close"></i></span></a>
</ul>
</li>
<li class="dropdown">
<a href="#" class="dropdown-toggle" data-toggle="dropdown"><i class="fa fa-tag"></i></a>
<ul id="tag-toggle" class="dropdown-menu dropdown-md p-v-0">
<a class="dropdown-item" href="#">regression</a><a class="dropdown-item" href="#">datadriven</a>
</ul>
</li>
</ul>
</div>    <div class="test-list-wrapper scrollable">
      <ul class="test-list-item">
        <li class="test-item"  status="fail" test-id="1"
          author=""
          tag="regression"
          device="">
          <div class="test-detail">
            <p class="name">testCases.HRMS.HRCore.TC_DelegationTest</p>
            <p class="text-sm">
              <span>3:37:20 pm</span> / <span>00:00:00:239</span>
              <span class="badge fail-bg log float-right">Fail</span>
            </p>
          </div>
          <div class="test-contents d-none">
<div class="detail-head">
<div class="p-v-10">
<div class="info">
<h5 class="test-status text-fail">testCases.HRMS.HRCore.TC_DelegationTest</h5>
<span class='badge badge-success'>01.30.2025 3:37:20 pm</span>
<span class='badge badge-danger'>01.30.2025 3:37:20 pm</span>
<span class='badge badge-default'>00:00:00:239</span>
&middot; <span class='uri-anchor badge badge-default'>#test-id=1</span>
<span title='Skip to the next failed step' class='badge badge-danger pointer float-right ne ml-1'><i class="fa fa-fast-forward"></i></span>
<span title='Collapse all nodes' class='badge badge-default pointer float-right ct ml-1'><i class="fa fa-compress"></i></span>
<span title='Expand all nodes' class='badge badge-default pointer float-right et'><i class="fa fa-expand"></i></span>
</div>
<div class="m-t-15"><span class="badge badge-pill badge-default">regression</span></div>
</div>
</div>    <div class="row mb-3"><div class="col-md-3">
    

<img data-featherlight='D:\OneDrive - Bharatiya Vidya Bhavans Sardar Patel Institute Of Technology\#Testing\Automation Testing\Company Projects\EBS\Enfinity_HybridFramework\screenshots\verifyDelegation_20250130033720.png' src="D:\OneDrive - Bharatiya Vidya Bhavans Sardar Patel Institute Of Technology\#Testing\Automation Testing\Company Projects\EBS\Enfinity_HybridFramework\screenshots\verifyDelegation_20250130033720.png">
  
    

    </div></div>
<div class="detail-body mt-4">
<table class="table table-sm">
  <thead><tr><th class="status-col">Status</th><th class="timestamp-col">Timestamp</th><th class="details-col">Details</th></tr></thead>
  <tbody>
      <tr class="event-row">
        <td><span class="badge log fail-bg">Fail</span></td>
        <td>3:37:20 pm</td>
        <td>
          verifyDelegation got failed
        </td>
      </tr>
      <tr class="event-row">
        <td><span class="badge log info-bg">Info</span></td>
        <td>3:37:20 pm</td>
        <td>
          expected [true] but found [false]
        </td>
      </tr>
  </tbody>
</table>
</div>
          </div>
        </li>
        <li class="test-item"  status="fail" test-id="2"
          author=""
          tag="regression"
          device="">
          <div class="test-detail">
            <p class="name">testCases.HRMS.HRCore.TC_AssetIssueTest</p>
            <p class="text-sm">
              <span>3:38:24 pm</span> / <span>00:00:00:140</span>
              <span class="badge fail-bg log float-right">Fail</span>
            </p>
          </div>
          <div class="test-contents d-none">
<div class="detail-head">
<div class="p-v-10">
<div class="info">
<h5 class="test-status text-fail">testCases.HRMS.HRCore.TC_AssetIssueTest</h5>
<span class='badge badge-success'>01.30.2025 3:38:24 pm</span>
<span class='badge badge-danger'>01.30.2025 3:38:24 pm</span>
<span class='badge badge-default'>00:00:00:140</span>
&middot; <span class='uri-anchor badge badge-default'>#test-id=2</span>
<span title='Skip to the next failed step' class='badge badge-danger pointer float-right ne ml-1'><i class="fa fa-fast-forward"></i></span>
<span title='Collapse all nodes' class='badge badge-default pointer float-right ct ml-1'><i class="fa fa-compress"></i></span>
<span title='Expand all nodes' class='badge badge-default pointer float-right et'><i class="fa fa-expand"></i></span>
</div>
<div class="m-t-15"><span class="badge badge-pill badge-default">regression</span></div>
</div>
</div>    <div class="row mb-3"><div class="col-md-3">
    

<img data-featherlight='D:\OneDrive - Bharatiya Vidya Bhavans Sardar Patel Institute Of Technology\#Testing\Automation Testing\Company Projects\EBS\Enfinity_HybridFramework\screenshots\verifyAssetIssue_20250130033824.png' src="D:\OneDrive - Bharatiya Vidya Bhavans Sardar Patel Institute Of Technology\#Testing\Automation Testing\Company Projects\EBS\Enfinity_HybridFramework\screenshots\verifyAssetIssue_20250130033824.png">
  
    

    </div></div>
<div class="detail-body mt-4">
<table class="table table-sm">
  <thead><tr><th class="status-col">Status</th><th class="timestamp-col">Timestamp</th><th class="details-col">Details</th></tr></thead>
  <tbody>
      <tr class="event-row">
        <td><span class="badge log fail-bg">Fail</span></td>
        <td>3:38:24 pm</td>
        <td>
          verifyAssetIssue got failed
        </td>
      </tr>
      <tr class="event-row">
        <td><span class="badge log info-bg">Info</span></td>
        <td>3:38:24 pm</td>
        <td>
          Test case failed: org.openqa.selenium.NoSuchElementException: no such element: Unable to locate element: {"method":"xpath","selector":"//input[@id='HrAsset.Name_I']"}
  (Session info: chrome=132.0.6834.112)
For documentation on this error, please visit: https://www.selenium.dev/documentation/webdriver/troubleshooting/errors#no-such-element-exception
Build info: version: '4.27.0', revision: 'd6e718d134'
System info: os.name: 'Windows 11', os.arch: 'amd64', os.version: '10.0', java.version: '22'
Driver info: org.openqa.selenium.chrome.ChromeDriver
Command: [b2a705934d650b272f800d23fe420f35, findElement {using=xpath, value=//input[@id='HrAsset.Name_I']}]
Capabilities {acceptInsecureCerts: false, browserName: chrome, browserVersion: 132.0.6834.112, chrome: {chromedriverVersion: 132.0.6834.159 (2d77d3fc445..., userDataDir: C:\Users\Vaibhav\AppData\Lo...}, fedcm:accounts: true, goog:chromeOptions: {debuggerAddress: localhost:49291}, networkConnectionEnabled: false, pageLoadStrategy: normal, platformName: windows, proxy: Proxy(), se:cdp: ws://localhost:49291/devtoo..., se:cdpVersion: 132.0.6834.112, setWindowRect: true, strictFileInteractability: false, timeouts: {implicit: 0, pageLoad: 300000, script: 30000}, unhandledPromptBehavior: dismiss and notify, webauthn:extension:credBlob: true, webauthn:extension:largeBlob: true, webauthn:extension:minPinLength: true, webauthn:extension:prf: true, webauthn:virtualAuthenticators: true}
Session ID: b2a705934d650b272f800d23fe420f35
        </td>
      </tr>
  </tbody>
</table>
</div>
          </div>
        </li>
        <li class="test-item"  status="fail" test-id="3"
          author=""
          tag="regression"
          device="">
          <div class="test-detail">
            <p class="name">testCases.HRMS.HRCore.TC_DocumentTypeTest</p>
            <p class="text-sm">
              <span>3:39:03 pm</span> / <span>00:00:00:120</span>
              <span class="badge fail-bg log float-right">Fail</span>
            </p>
          </div>
          <div class="test-contents d-none">
<div class="detail-head">
<div class="p-v-10">
<div class="info">
<h5 class="test-status text-fail">testCases.HRMS.HRCore.TC_DocumentTypeTest</h5>
<span class='badge badge-success'>01.30.2025 3:39:03 pm</span>
<span class='badge badge-danger'>01.30.2025 3:39:03 pm</span>
<span class='badge badge-default'>00:00:00:120</span>
&middot; <span class='uri-anchor badge badge-default'>#test-id=3</span>
<span title='Skip to the next failed step' class='badge badge-danger pointer float-right ne ml-1'><i class="fa fa-fast-forward"></i></span>
<span title='Collapse all nodes' class='badge badge-default pointer float-right ct ml-1'><i class="fa fa-compress"></i></span>
<span title='Expand all nodes' class='badge badge-default pointer float-right et'><i class="fa fa-expand"></i></span>
</div>
<div class="m-t-15"><span class="badge badge-pill badge-default">regression</span></div>
</div>
</div>    <div class="row mb-3"><div class="col-md-3">
    

<img data-featherlight='D:\OneDrive - Bharatiya Vidya Bhavans Sardar Patel Institute Of Technology\#Testing\Automation Testing\Company Projects\EBS\Enfinity_HybridFramework\screenshots\verifyDocType_20250130033903.png' src="D:\OneDrive - Bharatiya Vidya Bhavans Sardar Patel Institute Of Technology\#Testing\Automation Testing\Company Projects\EBS\Enfinity_HybridFramework\screenshots\verifyDocType_20250130033903.png">
  
    

    </div></div>
<div class="detail-body mt-4">
<table class="table table-sm">
  <thead><tr><th class="status-col">Status</th><th class="timestamp-col">Timestamp</th><th class="details-col">Details</th></tr></thead>
  <tbody>
      <tr class="event-row">
        <td><span class="badge log fail-bg">Fail</span></td>
        <td>3:39:03 pm</td>
        <td>
          verifyDocType got failed
        </td>
      </tr>
      <tr class="event-row">
        <td><span class="badge log info-bg">Info</span></td>
        <td>3:39:03 pm</td>
        <td>
          Test case failed: org.openqa.selenium.NoSuchElementException: no such element: Unable to locate element: {"method":"xpath","selector":"/html[1]/body[1]/div[6]/div[2]/div[1]/div[5]/ul[1]/li[1]/ul[1]/li[5]/span[1]"}
  (Session info: chrome=132.0.6834.112)
For documentation on this error, please visit: https://www.selenium.dev/documentation/webdriver/troubleshooting/errors#no-such-element-exception
Build info: version: '4.27.0', revision: 'd6e718d134'
System info: os.name: 'Windows 11', os.arch: 'amd64', os.version: '10.0', java.version: '22'
Driver info: org.openqa.selenium.chrome.ChromeDriver
Command: [4803d57051401f8eb2a714a44fa61bc7, findElement {using=xpath, value=/html[1]/body[1]/div[6]/div[2]/div[1]/div[5]/ul[1]/li[1]/ul[1]/li[5]/span[1]}]
Capabilities {acceptInsecureCerts: false, browserName: chrome, browserVersion: 132.0.6834.112, chrome: {chromedriverVersion: 132.0.6834.159 (2d77d3fc445..., userDataDir: C:\Users\Vaibhav\AppData\Lo...}, fedcm:accounts: true, goog:chromeOptions: {debuggerAddress: localhost:49751}, networkConnectionEnabled: false, pageLoadStrategy: normal, platformName: windows, proxy: Proxy(), se:cdp: ws://localhost:49751/devtoo..., se:cdpVersion: 132.0.6834.112, setWindowRect: true, strictFileInteractability: false, timeouts: {implicit: 0, pageLoad: 300000, script: 30000}, unhandledPromptBehavior: dismiss and notify, webauthn:extension:credBlob: true, webauthn:extension:largeBlob: true, webauthn:extension:minPinLength: true, webauthn:extension:prf: true, webauthn:virtualAuthenticators: true}
Session ID: 4803d57051401f8eb2a714a44fa61bc7
        </td>
      </tr>
  </tbody>
</table>
</div>
          </div>
        </li>
        <li class="test-item"  status="pass" test-id="4"
          author=""
          tag="regression"
          device="">
          <div class="test-detail">
            <p class="name">testCases.HRMS.HRCore.TC_QualificationTest</p>
            <p class="text-sm">
              <span>3:39:48 pm</span> / <span>00:00:00:001</span>
              <span class="badge pass-bg log float-right">Pass</span>
            </p>
          </div>
          <div class="test-contents d-none">
<div class="detail-head">
<div class="p-v-10">
<div class="info">
<h5 class="test-status text-pass">testCases.HRMS.HRCore.TC_QualificationTest</h5>
<span class='badge badge-success'>01.30.2025 3:39:48 pm</span>
<span class='badge badge-danger'>01.30.2025 3:39:48 pm</span>
<span class='badge badge-default'>00:00:00:001</span>
&middot; <span class='uri-anchor badge badge-default'>#test-id=4</span>
<span title='Skip to the next failed step' class='badge badge-danger pointer float-right ne ml-1'><i class="fa fa-fast-forward"></i></span>
<span title='Collapse all nodes' class='badge badge-default pointer float-right ct ml-1'><i class="fa fa-compress"></i></span>
<span title='Expand all nodes' class='badge badge-default pointer float-right et'><i class="fa fa-expand"></i></span>
</div>
<div class="m-t-15"><span class="badge badge-pill badge-default">regression</span></div>
</div>
</div><div class="detail-body mt-4">
<table class="table table-sm">
  <thead><tr><th class="status-col">Status</th><th class="timestamp-col">Timestamp</th><th class="details-col">Details</th></tr></thead>
  <tbody>
      <tr class="event-row">
        <td><span class="badge log pass-bg">Pass</span></td>
        <td>3:39:48 pm</td>
        <td>
          verifyQualification got successfully executed
        </td>
      </tr>
  </tbody>
</table>
</div>
          </div>
        </li>
        <li class="test-item"  status="pass" test-id="5"
          author=""
          tag="regression"
          device="">
          <div class="test-detail">
            <p class="name">testCases.HRMS.HRCore.TC_BankTest</p>
            <p class="text-sm">
              <span>3:40:22 pm</span> / <span>00:00:00:001</span>
              <span class="badge pass-bg log float-right">Pass</span>
            </p>
          </div>
          <div class="test-contents d-none">
<div class="detail-head">
<div class="p-v-10">
<div class="info">
<h5 class="test-status text-pass">testCases.HRMS.HRCore.TC_BankTest</h5>
<span class='badge badge-success'>01.30.2025 3:40:22 pm</span>
<span class='badge badge-danger'>01.30.2025 3:40:22 pm</span>
<span class='badge badge-default'>00:00:00:001</span>
&middot; <span class='uri-anchor badge badge-default'>#test-id=5</span>
<span title='Skip to the next failed step' class='badge badge-danger pointer float-right ne ml-1'><i class="fa fa-fast-forward"></i></span>
<span title='Collapse all nodes' class='badge badge-default pointer float-right ct ml-1'><i class="fa fa-compress"></i></span>
<span title='Expand all nodes' class='badge badge-default pointer float-right et'><i class="fa fa-expand"></i></span>
</div>
<div class="m-t-15"><span class="badge badge-pill badge-default">regression</span></div>
</div>
</div><div class="detail-body mt-4">
<table class="table table-sm">
  <thead><tr><th class="status-col">Status</th><th class="timestamp-col">Timestamp</th><th class="details-col">Details</th></tr></thead>
  <tbody>
      <tr class="event-row">
        <td><span class="badge log pass-bg">Pass</span></td>
        <td>3:40:22 pm</td>
        <td>
          verifyBank got successfully executed
        </td>
      </tr>
  </tbody>
</table>
</div>
          </div>
        </li>
        <li class="test-item"  status="pass" test-id="6"
          author=""
          tag="regression"
          device="">
          <div class="test-detail">
            <p class="name">testCases.HRMS.HRCore.TC_WorkLocationTest</p>
            <p class="text-sm">
              <span>3:41:04 pm</span> / <span>00:00:00:000</span>
              <span class="badge pass-bg log float-right">Pass</span>
            </p>
          </div>
          <div class="test-contents d-none">
<div class="detail-head">
<div class="p-v-10">
<div class="info">
<h5 class="test-status text-pass">testCases.HRMS.HRCore.TC_WorkLocationTest</h5>
<span class='badge badge-success'>01.30.2025 3:41:04 pm</span>
<span class='badge badge-danger'>01.30.2025 3:41:04 pm</span>
<span class='badge badge-default'>00:00:00:000</span>
&middot; <span class='uri-anchor badge badge-default'>#test-id=6</span>
<span title='Skip to the next failed step' class='badge badge-danger pointer float-right ne ml-1'><i class="fa fa-fast-forward"></i></span>
<span title='Collapse all nodes' class='badge badge-default pointer float-right ct ml-1'><i class="fa fa-compress"></i></span>
<span title='Expand all nodes' class='badge badge-default pointer float-right et'><i class="fa fa-expand"></i></span>
</div>
<div class="m-t-15"><span class="badge badge-pill badge-default">regression</span></div>
</div>
</div><div class="detail-body mt-4">
<table class="table table-sm">
  <thead><tr><th class="status-col">Status</th><th class="timestamp-col">Timestamp</th><th class="details-col">Details</th></tr></thead>
  <tbody>
      <tr class="event-row">
        <td><span class="badge log pass-bg">Pass</span></td>
        <td>3:41:04 pm</td>
        <td>
          verifyWorkLocation got successfully executed
        </td>
      </tr>
  </tbody>
</table>
</div>
          </div>
        </li>
        <li class="test-item"  status="fail" test-id="7"
          author=""
          tag="regression"
          device="">
          <div class="test-detail">
            <p class="name">testCases.HRMS.HRCore.TC_ReligionTest</p>
            <p class="text-sm">
              <span>3:41:36 pm</span> / <span>00:00:00:138</span>
              <span class="badge fail-bg log float-right">Fail</span>
            </p>
          </div>
          <div class="test-contents d-none">
<div class="detail-head">
<div class="p-v-10">
<div class="info">
<h5 class="test-status text-fail">testCases.HRMS.HRCore.TC_ReligionTest</h5>
<span class='badge badge-success'>01.30.2025 3:41:36 pm</span>
<span class='badge badge-danger'>01.30.2025 3:41:37 pm</span>
<span class='badge badge-default'>00:00:00:138</span>
&middot; <span class='uri-anchor badge badge-default'>#test-id=7</span>
<span title='Skip to the next failed step' class='badge badge-danger pointer float-right ne ml-1'><i class="fa fa-fast-forward"></i></span>
<span title='Collapse all nodes' class='badge badge-default pointer float-right ct ml-1'><i class="fa fa-compress"></i></span>
<span title='Expand all nodes' class='badge badge-default pointer float-right et'><i class="fa fa-expand"></i></span>
</div>
<div class="m-t-15"><span class="badge badge-pill badge-default">regression</span></div>
</div>
</div>    <div class="row mb-3"><div class="col-md-3">
    

<img data-featherlight='D:\OneDrive - Bharatiya Vidya Bhavans Sardar Patel Institute Of Technology\#Testing\Automation Testing\Company Projects\EBS\Enfinity_HybridFramework\screenshots\verifyReligion_20250130034136.png' src="D:\OneDrive - Bharatiya Vidya Bhavans Sardar Patel Institute Of Technology\#Testing\Automation Testing\Company Projects\EBS\Enfinity_HybridFramework\screenshots\verifyReligion_20250130034136.png">
  
    

    </div></div>
<div class="detail-body mt-4">
<table class="table table-sm">
  <thead><tr><th class="status-col">Status</th><th class="timestamp-col">Timestamp</th><th class="details-col">Details</th></tr></thead>
  <tbody>
      <tr class="event-row">
        <td><span class="badge log fail-bg">Fail</span></td>
        <td>3:41:36 pm</td>
        <td>
          verifyReligion got failed
        </td>
      </tr>
      <tr class="event-row">
        <td><span class="badge log info-bg">Info</span></td>
        <td>3:41:36 pm</td>
        <td>
          expected [true] but found [false]
        </td>
      </tr>
  </tbody>
</table>
</div>
          </div>
        </li>
        <li class="test-item"  status="pass" test-id="8"
          author=""
          tag="regression"
          device="">
          <div class="test-detail">
            <p class="name">testCases.HRMS.HRCore.TC_CalendarTest</p>
            <p class="text-sm">
              <span>3:42:23 pm</span> / <span>00:00:00:000</span>
              <span class="badge pass-bg log float-right">Pass</span>
            </p>
          </div>
          <div class="test-contents d-none">
<div class="detail-head">
<div class="p-v-10">
<div class="info">
<h5 class="test-status text-pass">testCases.HRMS.HRCore.TC_CalendarTest</h5>
<span class='badge badge-success'>01.30.2025 3:42:23 pm</span>
<span class='badge badge-danger'>01.30.2025 3:42:23 pm</span>
<span class='badge badge-default'>00:00:00:000</span>
&middot; <span class='uri-anchor badge badge-default'>#test-id=8</span>
<span title='Skip to the next failed step' class='badge badge-danger pointer float-right ne ml-1'><i class="fa fa-fast-forward"></i></span>
<span title='Collapse all nodes' class='badge badge-default pointer float-right ct ml-1'><i class="fa fa-compress"></i></span>
<span title='Expand all nodes' class='badge badge-default pointer float-right et'><i class="fa fa-expand"></i></span>
</div>
<div class="m-t-15"><span class="badge badge-pill badge-default">regression</span></div>
</div>
</div><div class="detail-body mt-4">
<table class="table table-sm">
  <thead><tr><th class="status-col">Status</th><th class="timestamp-col">Timestamp</th><th class="details-col">Details</th></tr></thead>
  <tbody>
      <tr class="event-row">
        <td><span class="badge log pass-bg">Pass</span></td>
        <td>3:42:23 pm</td>
        <td>
          verifyCalendar got successfully executed
        </td>
      </tr>
  </tbody>
</table>
</div>
          </div>
        </li>
        <li class="test-item"  status="pass" test-id="9"
          author=""
          tag="regression"
          device="">
          <div class="test-detail">
            <p class="name">testCases.HRMS.HRCore.TC_GradeTest</p>
            <p class="text-sm">
              <span>3:43:00 pm</span> / <span>00:00:00:000</span>
              <span class="badge pass-bg log float-right">Pass</span>
            </p>
          </div>
          <div class="test-contents d-none">
<div class="detail-head">
<div class="p-v-10">
<div class="info">
<h5 class="test-status text-pass">testCases.HRMS.HRCore.TC_GradeTest</h5>
<span class='badge badge-success'>01.30.2025 3:43:00 pm</span>
<span class='badge badge-danger'>01.30.2025 3:43:00 pm</span>
<span class='badge badge-default'>00:00:00:000</span>
&middot; <span class='uri-anchor badge badge-default'>#test-id=9</span>
<span title='Skip to the next failed step' class='badge badge-danger pointer float-right ne ml-1'><i class="fa fa-fast-forward"></i></span>
<span title='Collapse all nodes' class='badge badge-default pointer float-right ct ml-1'><i class="fa fa-compress"></i></span>
<span title='Expand all nodes' class='badge badge-default pointer float-right et'><i class="fa fa-expand"></i></span>
</div>
<div class="m-t-15"><span class="badge badge-pill badge-default">regression</span></div>
</div>
</div><div class="detail-body mt-4">
<table class="table table-sm">
  <thead><tr><th class="status-col">Status</th><th class="timestamp-col">Timestamp</th><th class="details-col">Details</th></tr></thead>
  <tbody>
      <tr class="event-row">
        <td><span class="badge log pass-bg">Pass</span></td>
        <td>3:43:00 pm</td>
        <td>
          verifyGrade got successfully executed
        </td>
      </tr>
  </tbody>
</table>
</div>
          </div>
        </li>
        <li class="test-item"  status="pass" test-id="10"
          author=""
          tag="regression"
          device="">
          <div class="test-detail">
            <p class="name">testCases.HRMS.HRCore.TC_DesignationTest</p>
            <p class="text-sm">
              <span>3:43:32 pm</span> / <span>00:00:00:000</span>
              <span class="badge pass-bg log float-right">Pass</span>
            </p>
          </div>
          <div class="test-contents d-none">
<div class="detail-head">
<div class="p-v-10">
<div class="info">
<h5 class="test-status text-pass">testCases.HRMS.HRCore.TC_DesignationTest</h5>
<span class='badge badge-success'>01.30.2025 3:43:32 pm</span>
<span class='badge badge-danger'>01.30.2025 3:43:32 pm</span>
<span class='badge badge-default'>00:00:00:000</span>
&middot; <span class='uri-anchor badge badge-default'>#test-id=10</span>
<span title='Skip to the next failed step' class='badge badge-danger pointer float-right ne ml-1'><i class="fa fa-fast-forward"></i></span>
<span title='Collapse all nodes' class='badge badge-default pointer float-right ct ml-1'><i class="fa fa-compress"></i></span>
<span title='Expand all nodes' class='badge badge-default pointer float-right et'><i class="fa fa-expand"></i></span>
</div>
<div class="m-t-15"><span class="badge badge-pill badge-default">regression</span></div>
</div>
</div><div class="detail-body mt-4">
<table class="table table-sm">
  <thead><tr><th class="status-col">Status</th><th class="timestamp-col">Timestamp</th><th class="details-col">Details</th></tr></thead>
  <tbody>
      <tr class="event-row">
        <td><span class="badge log pass-bg">Pass</span></td>
        <td>3:43:32 pm</td>
        <td>
          verifyDesignation got successfully executed
        </td>
      </tr>
  </tbody>
</table>
</div>
          </div>
        </li>
        <li class="test-item"  status="fail" test-id="11"
          author=""
          tag="regression"
          device="">
          <div class="test-detail">
            <p class="name">testCases.HRMS.HRCore.TC_LicensesTest</p>
            <p class="text-sm">
              <span>3:44:18 pm</span> / <span>00:00:00:124</span>
              <span class="badge fail-bg log float-right">Fail</span>
            </p>
          </div>
          <div class="test-contents d-none">
<div class="detail-head">
<div class="p-v-10">
<div class="info">
<h5 class="test-status text-fail">testCases.HRMS.HRCore.TC_LicensesTest</h5>
<span class='badge badge-success'>01.30.2025 3:44:18 pm</span>
<span class='badge badge-danger'>01.30.2025 3:44:18 pm</span>
<span class='badge badge-default'>00:00:00:124</span>
&middot; <span class='uri-anchor badge badge-default'>#test-id=11</span>
<span title='Skip to the next failed step' class='badge badge-danger pointer float-right ne ml-1'><i class="fa fa-fast-forward"></i></span>
<span title='Collapse all nodes' class='badge badge-default pointer float-right ct ml-1'><i class="fa fa-compress"></i></span>
<span title='Expand all nodes' class='badge badge-default pointer float-right et'><i class="fa fa-expand"></i></span>
</div>
<div class="m-t-15"><span class="badge badge-pill badge-default">regression</span></div>
</div>
</div>    <div class="row mb-3"><div class="col-md-3">
    

<img data-featherlight='D:\OneDrive - Bharatiya Vidya Bhavans Sardar Patel Institute Of Technology\#Testing\Automation Testing\Company Projects\EBS\Enfinity_HybridFramework\screenshots\verifyLicenses_20250130034418.png' src="D:\OneDrive - Bharatiya Vidya Bhavans Sardar Patel Institute Of Technology\#Testing\Automation Testing\Company Projects\EBS\Enfinity_HybridFramework\screenshots\verifyLicenses_20250130034418.png">
  
    

    </div></div>
<div class="detail-body mt-4">
<table class="table table-sm">
  <thead><tr><th class="status-col">Status</th><th class="timestamp-col">Timestamp</th><th class="details-col">Details</th></tr></thead>
  <tbody>
      <tr class="event-row">
        <td><span class="badge log fail-bg">Fail</span></td>
        <td>3:44:18 pm</td>
        <td>
          verifyLicenses got failed
        </td>
      </tr>
      <tr class="event-row">
        <td><span class="badge log info-bg">Info</span></td>
        <td>3:44:18 pm</td>
        <td>
          Test case failed: org.openqa.selenium.NoSuchElementException: no such element: Unable to locate element: {"method":"xpath","selector":"//div[@class='dx-toast-message']"}
  (Session info: chrome=132.0.6834.112)
For documentation on this error, please visit: https://www.selenium.dev/documentation/webdriver/troubleshooting/errors#no-such-element-exception
Build info: version: '4.27.0', revision: 'd6e718d134'
System info: os.name: 'Windows 11', os.arch: 'amd64', os.version: '10.0', java.version: '22'
Driver info: org.openqa.selenium.chrome.ChromeDriver
Command: [4c4c25635b952b3c28853431c8f7ca44, findElement {using=xpath, value=//div[@class='dx-toast-message']}]
Capabilities {acceptInsecureCerts: false, browserName: chrome, browserVersion: 132.0.6834.112, chrome: {chromedriverVersion: 132.0.6834.159 (2d77d3fc445..., userDataDir: C:\Users\Vaibhav\AppData\Lo...}, fedcm:accounts: true, goog:chromeOptions: {debuggerAddress: localhost:50745}, networkConnectionEnabled: false, pageLoadStrategy: normal, platformName: windows, proxy: Proxy(), se:cdp: ws://localhost:50745/devtoo..., se:cdpVersion: 132.0.6834.112, setWindowRect: true, strictFileInteractability: false, timeouts: {implicit: 0, pageLoad: 300000, script: 30000}, unhandledPromptBehavior: dismiss and notify, webauthn:extension:credBlob: true, webauthn:extension:largeBlob: true, webauthn:extension:minPinLength: true, webauthn:extension:prf: true, webauthn:virtualAuthenticators: true}
Session ID: 4c4c25635b952b3c28853431c8f7ca44
        </td>
      </tr>
  </tbody>
</table>
</div>
          </div>
        </li>
        <li class="test-item"  status="pass" test-id="12"
          author=""
          tag="regression"
          device="">
          <div class="test-detail">
            <p class="name">testCases.HRMS.HRCore.TC_DeptTest</p>
            <p class="text-sm">
              <span>3:45:03 pm</span> / <span>00:00:00:001</span>
              <span class="badge pass-bg log float-right">Pass</span>
            </p>
          </div>
          <div class="test-contents d-none">
<div class="detail-head">
<div class="p-v-10">
<div class="info">
<h5 class="test-status text-pass">testCases.HRMS.HRCore.TC_DeptTest</h5>
<span class='badge badge-success'>01.30.2025 3:45:03 pm</span>
<span class='badge badge-danger'>01.30.2025 3:45:03 pm</span>
<span class='badge badge-default'>00:00:00:001</span>
&middot; <span class='uri-anchor badge badge-default'>#test-id=12</span>
<span title='Skip to the next failed step' class='badge badge-danger pointer float-right ne ml-1'><i class="fa fa-fast-forward"></i></span>
<span title='Collapse all nodes' class='badge badge-default pointer float-right ct ml-1'><i class="fa fa-compress"></i></span>
<span title='Expand all nodes' class='badge badge-default pointer float-right et'><i class="fa fa-expand"></i></span>
</div>
<div class="m-t-15"><span class="badge badge-pill badge-default">regression</span></div>
</div>
</div><div class="detail-body mt-4">
<table class="table table-sm">
  <thead><tr><th class="status-col">Status</th><th class="timestamp-col">Timestamp</th><th class="details-col">Details</th></tr></thead>
  <tbody>
      <tr class="event-row">
        <td><span class="badge log pass-bg">Pass</span></td>
        <td>3:45:03 pm</td>
        <td>
          verifyDept got successfully executed
        </td>
      </tr>
  </tbody>
</table>
</div>
          </div>
        </li>
        <li class="test-item"  status="skip" test-id="13"
          author=""
          tag="regression"
          device="">
          <div class="test-detail">
            <p class="name">testCases.HRMS.HRCore.TC_EmployeeTest</p>
            <p class="text-sm">
              <span>3:45:48 pm</span> / <span>00:00:00:000</span>
              <span class="badge skip-bg log float-right">Skip</span>
            </p>
          </div>
          <div class="test-contents d-none">
<div class="detail-head">
<div class="p-v-10">
<div class="info">
<h5 class="test-status text-skip">testCases.HRMS.HRCore.TC_EmployeeTest</h5>
<span class='badge badge-success'>01.30.2025 3:45:48 pm</span>
<span class='badge badge-danger'>01.30.2025 3:45:48 pm</span>
<span class='badge badge-default'>00:00:00:000</span>
&middot; <span class='uri-anchor badge badge-default'>#test-id=13</span>
<span title='Skip to the next failed step' class='badge badge-danger pointer float-right ne ml-1'><i class="fa fa-fast-forward"></i></span>
<span title='Collapse all nodes' class='badge badge-default pointer float-right ct ml-1'><i class="fa fa-compress"></i></span>
<span title='Expand all nodes' class='badge badge-default pointer float-right et'><i class="fa fa-expand"></i></span>
</div>
<div class="m-t-15"><span class="badge badge-pill badge-default">regression</span></div>
</div>
</div><div class="detail-body mt-4">
<table class="table table-sm">
  <thead><tr><th class="status-col">Status</th><th class="timestamp-col">Timestamp</th><th class="details-col">Details</th></tr></thead>
  <tbody>
      <tr class="event-row">
        <td><span class="badge log skip-bg">Skip</span></td>
        <td>3:45:48 pm</td>
        <td>
          verifyEmpCreation got skipped
        </td>
      </tr>
      <tr class="event-row">
        <td><span class="badge log info-bg">Info</span></td>
        <td>3:45:48 pm</td>
        <td>
          Test case failed: org.openqa.selenium.NoSuchElementException: no such element: Unable to locate element: {"method":"xpath","selector":"//h2[normalize-space()='Suraj']"}
  (Session info: chrome=132.0.6834.112)
For documentation on this error, please visit: https://www.selenium.dev/documentation/webdriver/troubleshooting/errors#no-such-element-exception
Build info: version: '4.27.0', revision: 'd6e718d134'
System info: os.name: 'Windows 11', os.arch: 'amd64', os.version: '10.0', java.version: '22'
Driver info: org.openqa.selenium.chrome.ChromeDriver
Command: [6bdb8ee3561a46eab0d8baefde07d09d, findElement {using=xpath, value=//h2[normalize-space()='Suraj']}]
Capabilities {acceptInsecureCerts: false, browserName: chrome, browserVersion: 132.0.6834.112, chrome: {chromedriverVersion: 132.0.6834.159 (2d77d3fc445..., userDataDir: C:\Users\Vaibhav\AppData\Lo...}, fedcm:accounts: true, goog:chromeOptions: {debuggerAddress: localhost:51022}, networkConnectionEnabled: false, pageLoadStrategy: normal, platformName: windows, proxy: Proxy(), se:cdp: ws://localhost:51022/devtoo..., se:cdpVersion: 132.0.6834.112, setWindowRect: true, strictFileInteractability: false, timeouts: {implicit: 0, pageLoad: 300000, script: 30000}, unhandledPromptBehavior: dismiss and notify, webauthn:extension:credBlob: true, webauthn:extension:largeBlob: true, webauthn:extension:minPinLength: true, webauthn:extension:prf: true, webauthn:virtualAuthenticators: true}
Session ID: 6bdb8ee3561a46eab0d8baefde07d09d
        </td>
      </tr>
  </tbody>
</table>
</div>
          </div>
        </li>
        <li class="test-item"  status="skip" test-id="14"
          author=""
          tag="regression"
          device="">
          <div class="test-detail">
            <p class="name">testCases.HRMS.HRCore.TC_EmployeeTest</p>
            <p class="text-sm">
              <span>3:46:15 pm</span> / <span>00:00:00:001</span>
              <span class="badge skip-bg log float-right">Skip</span>
            </p>
          </div>
          <div class="test-contents d-none">
<div class="detail-head">
<div class="p-v-10">
<div class="info">
<h5 class="test-status text-skip">testCases.HRMS.HRCore.TC_EmployeeTest</h5>
<span class='badge badge-success'>01.30.2025 3:46:15 pm</span>
<span class='badge badge-danger'>01.30.2025 3:46:15 pm</span>
<span class='badge badge-default'>00:00:00:001</span>
&middot; <span class='uri-anchor badge badge-default'>#test-id=14</span>
<span title='Skip to the next failed step' class='badge badge-danger pointer float-right ne ml-1'><i class="fa fa-fast-forward"></i></span>
<span title='Collapse all nodes' class='badge badge-default pointer float-right ct ml-1'><i class="fa fa-compress"></i></span>
<span title='Expand all nodes' class='badge badge-default pointer float-right et'><i class="fa fa-expand"></i></span>
</div>
<div class="m-t-15"><span class="badge badge-pill badge-default">regression</span></div>
</div>
</div><div class="detail-body mt-4">
<table class="table table-sm">
  <thead><tr><th class="status-col">Status</th><th class="timestamp-col">Timestamp</th><th class="details-col">Details</th></tr></thead>
  <tbody>
      <tr class="event-row">
        <td><span class="badge log skip-bg">Skip</span></td>
        <td>3:46:15 pm</td>
        <td>
          verifyEmpCreation got skipped
        </td>
      </tr>
      <tr class="event-row">
        <td><span class="badge log info-bg">Info</span></td>
        <td>3:46:15 pm</td>
        <td>
          Test case failed: org.openqa.selenium.NoSuchElementException: no such element: Unable to locate element: {"method":"xpath","selector":"//h2[normalize-space()='Suraj']"}
  (Session info: chrome=132.0.6834.112)
For documentation on this error, please visit: https://www.selenium.dev/documentation/webdriver/troubleshooting/errors#no-such-element-exception
Build info: version: '4.27.0', revision: 'd6e718d134'
System info: os.name: 'Windows 11', os.arch: 'amd64', os.version: '10.0', java.version: '22'
Driver info: org.openqa.selenium.chrome.ChromeDriver
Command: [6bdb8ee3561a46eab0d8baefde07d09d, findElement {using=xpath, value=//h2[normalize-space()='Suraj']}]
Capabilities {acceptInsecureCerts: false, browserName: chrome, browserVersion: 132.0.6834.112, chrome: {chromedriverVersion: 132.0.6834.159 (2d77d3fc445..., userDataDir: C:\Users\Vaibhav\AppData\Lo...}, fedcm:accounts: true, goog:chromeOptions: {debuggerAddress: localhost:51022}, networkConnectionEnabled: false, pageLoadStrategy: normal, platformName: windows, proxy: Proxy(), se:cdp: ws://localhost:51022/devtoo..., se:cdpVersion: 132.0.6834.112, setWindowRect: true, strictFileInteractability: false, timeouts: {implicit: 0, pageLoad: 300000, script: 30000}, unhandledPromptBehavior: dismiss and notify, webauthn:extension:credBlob: true, webauthn:extension:largeBlob: true, webauthn:extension:minPinLength: true, webauthn:extension:prf: true, webauthn:virtualAuthenticators: true}
Session ID: 6bdb8ee3561a46eab0d8baefde07d09d
        </td>
      </tr>
  </tbody>
</table>
</div>
          </div>
        </li>
        <li class="test-item"  status="fail" test-id="15"
          author=""
          tag="regression"
          device="">
          <div class="test-detail">
            <p class="name">testCases.HRMS.HRCore.TC_EmployeeTest</p>
            <p class="text-sm">
              <span>3:46:32 pm</span> / <span>00:00:00:115</span>
              <span class="badge fail-bg log float-right">Fail</span>
            </p>
          </div>
          <div class="test-contents d-none">
<div class="detail-head">
<div class="p-v-10">
<div class="info">
<h5 class="test-status text-fail">testCases.HRMS.HRCore.TC_EmployeeTest</h5>
<span class='badge badge-success'>01.30.2025 3:46:32 pm</span>
<span class='badge badge-danger'>01.30.2025 3:46:32 pm</span>
<span class='badge badge-default'>00:00:00:115</span>
&middot; <span class='uri-anchor badge badge-default'>#test-id=15</span>
<span title='Skip to the next failed step' class='badge badge-danger pointer float-right ne ml-1'><i class="fa fa-fast-forward"></i></span>
<span title='Collapse all nodes' class='badge badge-default pointer float-right ct ml-1'><i class="fa fa-compress"></i></span>
<span title='Expand all nodes' class='badge badge-default pointer float-right et'><i class="fa fa-expand"></i></span>
</div>
<div class="m-t-15"><span class="badge badge-pill badge-default">regression</span></div>
</div>
</div>    <div class="row mb-3"><div class="col-md-3">
    

<img data-featherlight='D:\OneDrive - Bharatiya Vidya Bhavans Sardar Patel Institute Of Technology\#Testing\Automation Testing\Company Projects\EBS\Enfinity_HybridFramework\screenshots\verifyEmpCreation_20250130034632.png' src="D:\OneDrive - Bharatiya Vidya Bhavans Sardar Patel Institute Of Technology\#Testing\Automation Testing\Company Projects\EBS\Enfinity_HybridFramework\screenshots\verifyEmpCreation_20250130034632.png">
  
    

    </div></div>
<div class="detail-body mt-4">
<table class="table table-sm">
  <thead><tr><th class="status-col">Status</th><th class="timestamp-col">Timestamp</th><th class="details-col">Details</th></tr></thead>
  <tbody>
      <tr class="event-row">
        <td><span class="badge log fail-bg">Fail</span></td>
        <td>3:46:32 pm</td>
        <td>
          verifyEmpCreation got failed
        </td>
      </tr>
      <tr class="event-row">
        <td><span class="badge log info-bg">Info</span></td>
        <td>3:46:32 pm</td>
        <td>
          Test case failed: org.openqa.selenium.NoSuchElementException: no such element: Unable to locate element: {"method":"xpath","selector":"//h2[normalize-space()='Suraj']"}
  (Session info: chrome=132.0.6834.112)
For documentation on this error, please visit: https://www.selenium.dev/documentation/webdriver/troubleshooting/errors#no-such-element-exception
Build info: version: '4.27.0', revision: 'd6e718d134'
System info: os.name: 'Windows 11', os.arch: 'amd64', os.version: '10.0', java.version: '22'
Driver info: org.openqa.selenium.chrome.ChromeDriver
Command: [6bdb8ee3561a46eab0d8baefde07d09d, findElement {using=xpath, value=//h2[normalize-space()='Suraj']}]
Capabilities {acceptInsecureCerts: false, browserName: chrome, browserVersion: 132.0.6834.112, chrome: {chromedriverVersion: 132.0.6834.159 (2d77d3fc445..., userDataDir: C:\Users\Vaibhav\AppData\Lo...}, fedcm:accounts: true, goog:chromeOptions: {debuggerAddress: localhost:51022}, networkConnectionEnabled: false, pageLoadStrategy: normal, platformName: windows, proxy: Proxy(), se:cdp: ws://localhost:51022/devtoo..., se:cdpVersion: 132.0.6834.112, setWindowRect: true, strictFileInteractability: false, timeouts: {implicit: 0, pageLoad: 300000, script: 30000}, unhandledPromptBehavior: dismiss and notify, webauthn:extension:credBlob: true, webauthn:extension:largeBlob: true, webauthn:extension:minPinLength: true, webauthn:extension:prf: true, webauthn:virtualAuthenticators: true}
Session ID: 6bdb8ee3561a46eab0d8baefde07d09d
        </td>
      </tr>
  </tbody>
</table>
</div>
          </div>
        </li>
        <li class="test-item"  status="fail" test-id="16"
          author=""
          tag="datadriven"
          device="">
          <div class="test-detail">
            <p class="name">testCases.HRMS.HRCore.DDT_ResidencyInfo</p>
            <p class="text-sm">
              <span>3:47:12 pm</span> / <span>00:00:00:101</span>
              <span class="badge fail-bg log float-right">Fail</span>
            </p>
          </div>
          <div class="test-contents d-none">
<div class="detail-head">
<div class="p-v-10">
<div class="info">
<h5 class="test-status text-fail">testCases.HRMS.HRCore.DDT_ResidencyInfo</h5>
<span class='badge badge-success'>01.30.2025 3:47:12 pm</span>
<span class='badge badge-danger'>01.30.2025 3:47:13 pm</span>
<span class='badge badge-default'>00:00:00:101</span>
&middot; <span class='uri-anchor badge badge-default'>#test-id=16</span>
<span title='Skip to the next failed step' class='badge badge-danger pointer float-right ne ml-1'><i class="fa fa-fast-forward"></i></span>
<span title='Collapse all nodes' class='badge badge-default pointer float-right ct ml-1'><i class="fa fa-compress"></i></span>
<span title='Expand all nodes' class='badge badge-default pointer float-right et'><i class="fa fa-expand"></i></span>
</div>
<div class="m-t-15"><span class="badge badge-pill badge-default">datadriven</span></div>
</div>
</div>    <div class="row mb-3"><div class="col-md-3">
    

<img data-featherlight='D:\OneDrive - Bharatiya Vidya Bhavans Sardar Patel Institute Of Technology\#Testing\Automation Testing\Company Projects\EBS\Enfinity_HybridFramework\screenshots\verifyResidencyInfo_20250130034712.png' src="D:\OneDrive - Bharatiya Vidya Bhavans Sardar Patel Institute Of Technology\#Testing\Automation Testing\Company Projects\EBS\Enfinity_HybridFramework\screenshots\verifyResidencyInfo_20250130034712.png">
  
    

    </div></div>
<div class="detail-body mt-4">
<table class="table table-sm">
  <thead><tr><th class="status-col">Status</th><th class="timestamp-col">Timestamp</th><th class="details-col">Details</th></tr></thead>
  <tbody>
      <tr class="event-row">
        <td><span class="badge log fail-bg">Fail</span></td>
        <td>3:47:12 pm</td>
        <td>
          verifyResidencyInfo got failed
        </td>
      </tr>
      <tr class="event-row">
        <td><span class="badge log info-bg">Info</span></td>
        <td>3:47:12 pm</td>
        <td>
          Test case failed: org.openqa.selenium.NoSuchElementException: no such element: Unable to locate element: {"method":"xpath","selector":"/html[1]/body[1]/div[6]/div[2]/div[1]/div[2]/div[1]/div[5]/div[1]/table[1]/tbody[1]/tr[2]/td[2]/div[1]/div[2]/div[1]/div[1]/div[1]/input[1]"}
  (Session info: chrome=132.0.6834.112)
For documentation on this error, please visit: https://www.selenium.dev/documentation/webdriver/troubleshooting/errors#no-such-element-exception
Build info: version: '4.27.0', revision: 'd6e718d134'
System info: os.name: 'Windows 11', os.arch: 'amd64', os.version: '10.0', java.version: '22'
Driver info: org.openqa.selenium.chrome.ChromeDriver
Command: [bfd40be60513397cd179f6d2e0281a6f, findElement {using=xpath, value=/html[1]/body[1]/div[6]/div[2]/div[1]/div[2]/div[1]/div[5]/div[1]/table[1]/tbody[1]/tr[2]/td[2]/div[1]/div[2]/div[1]/div[1]/div[1]/input[1]}]
Capabilities {acceptInsecureCerts: false, browserName: chrome, browserVersion: 132.0.6834.112, chrome: {chromedriverVersion: 132.0.6834.159 (2d77d3fc445..., userDataDir: C:\Users\Vaibhav\AppData\Lo...}, fedcm:accounts: true, goog:chromeOptions: {debuggerAddress: localhost:51285}, networkConnectionEnabled: false, pageLoadStrategy: normal, platformName: windows, proxy: Proxy(), se:cdp: ws://localhost:51285/devtoo..., se:cdpVersion: 132.0.6834.112, setWindowRect: true, strictFileInteractability: false, timeouts: {implicit: 0, pageLoad: 300000, script: 30000}, unhandledPromptBehavior: dismiss and notify, webauthn:extension:credBlob: true, webauthn:extension:largeBlob: true, webauthn:extension:minPinLength: true, webauthn:extension:prf: true, webauthn:virtualAuthenticators: true}
Session ID: bfd40be60513397cd179f6d2e0281a6f
        </td>
      </tr>
  </tbody>
</table>
</div>
          </div>
        </li>
        <li class="test-item"  status="fail" test-id="17"
          author=""
          tag="regression"
          device="">
          <div class="test-detail">
            <p class="name">testCases.HRMS.HRCore.MySQL_EmployeeTest</p>
            <p class="text-sm">
              <span>3:48:21 pm</span> / <span>00:00:00:163</span>
              <span class="badge fail-bg log float-right">Fail</span>
            </p>
          </div>
          <div class="test-contents d-none">
<div class="detail-head">
<div class="p-v-10">
<div class="info">
<h5 class="test-status text-fail">testCases.HRMS.HRCore.MySQL_EmployeeTest</h5>
<span class='badge badge-success'>01.30.2025 3:48:21 pm</span>
<span class='badge badge-danger'>01.30.2025 3:48:21 pm</span>
<span class='badge badge-default'>00:00:00:163</span>
&middot; <span class='uri-anchor badge badge-default'>#test-id=17</span>
<span title='Skip to the next failed step' class='badge badge-danger pointer float-right ne ml-1'><i class="fa fa-fast-forward"></i></span>
<span title='Collapse all nodes' class='badge badge-default pointer float-right ct ml-1'><i class="fa fa-compress"></i></span>
<span title='Expand all nodes' class='badge badge-default pointer float-right et'><i class="fa fa-expand"></i></span>
</div>
<div class="m-t-15"><span class="badge badge-pill badge-default">regression</span></div>
</div>
</div>    <div class="row mb-3"><div class="col-md-3">
    

<img data-featherlight='D:\OneDrive - Bharatiya Vidya Bhavans Sardar Patel Institute Of Technology\#Testing\Automation Testing\Company Projects\EBS\Enfinity_HybridFramework\screenshots\verifyEmpCreation_20250130034821.png' src="D:\OneDrive - Bharatiya Vidya Bhavans Sardar Patel Institute Of Technology\#Testing\Automation Testing\Company Projects\EBS\Enfinity_HybridFramework\screenshots\verifyEmpCreation_20250130034821.png">
  
    

    </div></div>
<div class="detail-body mt-4">
<table class="table table-sm">
  <thead><tr><th class="status-col">Status</th><th class="timestamp-col">Timestamp</th><th class="details-col">Details</th></tr></thead>
  <tbody>
      <tr class="event-row">
        <td><span class="badge log fail-bg">Fail</span></td>
        <td>3:48:21 pm</td>
        <td>
          verifyEmpCreation got failed
        </td>
      </tr>
      <tr class="event-row">
        <td><span class="badge log info-bg">Info</span></td>
        <td>3:48:21 pm</td>
        <td>
          Test case failed: org.openqa.selenium.NoSuchElementException: no such element: Unable to locate element: {"method":"xpath","selector":"/html[1]/body[1]/div[6]/div[2]/div[1]/div[2]/div[1]/div[5]/div[1]/table[1]/tbody[1]/tr[2]/td[1]/div[1]/div[2]/div[1]/div[1]/div[1]/input[1]"}
  (Session info: chrome=132.0.6834.112)
For documentation on this error, please visit: https://www.selenium.dev/documentation/webdriver/troubleshooting/errors#no-such-element-exception
Build info: version: '4.27.0', revision: 'd6e718d134'
System info: os.name: 'Windows 11', os.arch: 'amd64', os.version: '10.0', java.version: '22'
Driver info: org.openqa.selenium.chrome.ChromeDriver
Command: [de9732972a53430b05a40aa988145ab5, findElement {using=xpath, value=/html[1]/body[1]/div[6]/div[2]/div[1]/div[2]/div[1]/div[5]/div[1]/table[1]/tbody[1]/tr[2]/td[1]/div[1]/div[2]/div[1]/div[1]/div[1]/input[1]}]
Capabilities {acceptInsecureCerts: false, browserName: chrome, browserVersion: 132.0.6834.112, chrome: {chromedriverVersion: 132.0.6834.159 (2d77d3fc445..., userDataDir: C:\Users\Vaibhav\AppData\Lo...}, fedcm:accounts: true, goog:chromeOptions: {debuggerAddress: localhost:51446}, networkConnectionEnabled: false, pageLoadStrategy: normal, platformName: windows, proxy: Proxy(), se:cdp: ws://localhost:51446/devtoo..., se:cdpVersion: 132.0.6834.112, setWindowRect: true, strictFileInteractability: false, timeouts: {implicit: 0, pageLoad: 300000, script: 30000}, unhandledPromptBehavior: dismiss and notify, webauthn:extension:credBlob: true, webauthn:extension:largeBlob: true, webauthn:extension:minPinLength: true, webauthn:extension:prf: true, webauthn:virtualAuthenticators: true}
Session ID: de9732972a53430b05a40aa988145ab5
        </td>
      </tr>
  </tbody>
</table>
</div>
          </div>
        </li>
      </ul>
    </div>
  </div>
<div class="test-content scrollable">
<div class="test-content-tools">
<ul><li><a class="back-to-test" href="#"><i class="fa fa-arrow-left"></i></a></li></ul>
</div>
<div class="test-content-detail"><div class="detail-body"></div></div>
</div></div>
<div class="test-wrapper row view category-view attributes-view">
<div class="test-list">
<div class="test-list-tools">
<ul class="tools pull-left"><li><a href=""><span class="font-size-14">Category</span></a></li></ul>
<ul class="tools text-right"><li><a href="#"><span class="badge badge-primary">2</span></a></li></ul>
</div>
<div class="test-list-wrapper scrollable">
<ul class="test-list-item">
<li class="test-item">
<div class="test-detail">
<span class="meta">
<span class='badge log pass-bg'>7</span>
<span class='badge log badge-danger'>7</span>
<span class='badge log badge-skip'>2</span>
</span>
<p class="name">regression</p>
<p class="duration text-sm">16 tests</p>
</div>
<div class="test-contents d-none">
<div class="info">
<h4>regression</h4>
<span status="pass" class='badge log pass-bg'>7 passed</span>
<span status="fail" class='badge log badge-danger'>7 failed</span>
<span status="skip" class='badge log badge-skip'>2 skipped</span>
</div>
<table class='table table-sm mt-4'>
<thead>
<tr>
<th class="status-col">Status</th>
<th class="timestamp-col">Timestamp</th>
<th>TestName</th>
</tr>
</thead>
<tbody>
<tr class="tag-test-status" status="fail">
<td><span class="badge log fail-bg">Fail</span></td>
<td>15:37:20 pm</td>
<td>
<a href="#" class="linked" test-id='1' id='1'>testCases.HRMS.HRCore.TC_DelegationTest</a>
</td>
</tr>
<tr class="tag-test-status" status="fail">
<td><span class="badge log fail-bg">Fail</span></td>
<td>15:38:24 pm</td>
<td>
<a href="#" class="linked" test-id='2' id='2'>testCases.HRMS.HRCore.TC_AssetIssueTest</a>
</td>
</tr>
<tr class="tag-test-status" status="fail">
<td><span class="badge log fail-bg">Fail</span></td>
<td>15:39:03 pm</td>
<td>
<a href="#" class="linked" test-id='3' id='3'>testCases.HRMS.HRCore.TC_DocumentTypeTest</a>
</td>
</tr>
<tr class="tag-test-status" status="pass">
<td><span class="badge log pass-bg">Pass</span></td>
<td>15:39:48 pm</td>
<td>
<a href="#" class="linked" test-id='4' id='4'>testCases.HRMS.HRCore.TC_QualificationTest</a>
</td>
</tr>
<tr class="tag-test-status" status="pass">
<td><span class="badge log pass-bg">Pass</span></td>
<td>15:40:22 pm</td>
<td>
<a href="#" class="linked" test-id='5' id='5'>testCases.HRMS.HRCore.TC_BankTest</a>
</td>
</tr>
<tr class="tag-test-status" status="pass">
<td><span class="badge log pass-bg">Pass</span></td>
<td>15:41:04 pm</td>
<td>
<a href="#" class="linked" test-id='6' id='6'>testCases.HRMS.HRCore.TC_WorkLocationTest</a>
</td>
</tr>
<tr class="tag-test-status" status="fail">
<td><span class="badge log fail-bg">Fail</span></td>
<td>15:41:36 pm</td>
<td>
<a href="#" class="linked" test-id='7' id='7'>testCases.HRMS.HRCore.TC_ReligionTest</a>
</td>
</tr>
<tr class="tag-test-status" status="pass">
<td><span class="badge log pass-bg">Pass</span></td>
<td>15:42:23 pm</td>
<td>
<a href="#" class="linked" test-id='8' id='8'>testCases.HRMS.HRCore.TC_CalendarTest</a>
</td>
</tr>
<tr class="tag-test-status" status="pass">
<td><span class="badge log pass-bg">Pass</span></td>
<td>15:43:00 pm</td>
<td>
<a href="#" class="linked" test-id='9' id='9'>testCases.HRMS.HRCore.TC_GradeTest</a>
</td>
</tr>
<tr class="tag-test-status" status="pass">
<td><span class="badge log pass-bg">Pass</span></td>
<td>15:43:32 pm</td>
<td>
<a href="#" class="linked" test-id='10' id='10'>testCases.HRMS.HRCore.TC_DesignationTest</a>
</td>
</tr>
<tr class="tag-test-status" status="fail">
<td><span class="badge log fail-bg">Fail</span></td>
<td>15:44:18 pm</td>
<td>
<a href="#" class="linked" test-id='11' id='11'>testCases.HRMS.HRCore.TC_LicensesTest</a>
</td>
</tr>
<tr class="tag-test-status" status="pass">
<td><span class="badge log pass-bg">Pass</span></td>
<td>15:45:03 pm</td>
<td>
<a href="#" class="linked" test-id='12' id='12'>testCases.HRMS.HRCore.TC_DeptTest</a>
</td>
</tr>
<tr class="tag-test-status" status="skip">
<td><span class="badge log skip-bg">Skip</span></td>
<td>15:45:48 pm</td>
<td>
<a href="#" class="linked" test-id='13' id='13'>testCases.HRMS.HRCore.TC_EmployeeTest</a>
</td>
</tr>
<tr class="tag-test-status" status="skip">
<td><span class="badge log skip-bg">Skip</span></td>
<td>15:46:15 pm</td>
<td>
<a href="#" class="linked" test-id='14' id='14'>testCases.HRMS.HRCore.TC_EmployeeTest</a>
</td>
</tr>
<tr class="tag-test-status" status="fail">
<td><span class="badge log fail-bg">Fail</span></td>
<td>15:46:32 pm</td>
<td>
<a href="#" class="linked" test-id='15' id='15'>testCases.HRMS.HRCore.TC_EmployeeTest</a>
</td>
</tr>
<tr class="tag-test-status" status="fail">
<td><span class="badge log fail-bg">Fail</span></td>
<td>15:48:21 pm</td>
<td>
<a href="#" class="linked" test-id='17' id='17'>testCases.HRMS.HRCore.MySQL_EmployeeTest</a>
</td>
</tr>
</tbody>
</table>
</div>
</li>
<li class="test-item">
<div class="test-detail">
<span class="meta">
<span class='badge log badge-danger'>1</span>
</span>
<p class="name">datadriven</p>
<p class="duration text-sm">1 tests</p>
</div>
<div class="test-contents d-none">
<div class="info">
<h4>datadriven</h4>
<span status="fail" class='badge log badge-danger'>1 failed</span>
</div>
<table class='table table-sm mt-4'>
<thead>
<tr>
<th class="status-col">Status</th>
<th class="timestamp-col">Timestamp</th>
<th>TestName</th>
</tr>
</thead>
<tbody>
<tr class="tag-test-status" status="fail">
<td><span class="badge log fail-bg">Fail</span></td>
<td>15:47:12 pm</td>
<td>
<a href="#" class="linked" test-id='16' id='16'>testCases.HRMS.HRCore.DDT_ResidencyInfo</a>
</td>
</tr>
</tbody>
</table>
</div>
</li>
</ul>
</div>
</div>
<div class="test-content scrollable">
<div class="test-content-detail">
<div class="detail-body"></div>
</div>
</div>
</div><div class="container-fluid p-4 view dashboard-view">
<div class="row">
<div class="col-md-3">
<div class="card"><div class="card-body">
<p class="m-b-0">Started</p>
<h3>Jan 30, 2025 03:36:39 pm</h3>
</div></div>
</div>
<div class="col-md-3">
<div class="card"><div class="card-body">
<p class="m-b-0">Ended</p>
<h3>Jan 30, 2025 03:48:21 pm</h3>
</div></div>
</div>
<div class="col-md-3">
<div class="card"><div class="card-body">
<p class="m-b-0 text-pass">Tests Passed</p>
<h3>7</h3>
</div></div>
</div>
<div class="col-md-3">
<div class="card"><div class="card-body">
<p class="m-b-0 text-fail">Tests Failed</p>
<h3>8</h3>
</div></div>
</div>
</div>
<div class="row">
<div class="col-md-6">
<div class="card">
<div class="card-header">
<h6 class="card-title">Tests</h6>
</div>
<div class="card-body">
<div class="">
<canvas id='parent-analysis' width='115' height='90'></canvas>
</div>
</div>
<div class="card-footer">
<div><small data-tooltip='41%'>
<b>7</b> tests passed
</small>
</div>
<div>
<small data-tooltip='47%'><b>8</b> tests failed,
<b>2</b> skipped, <b data-tooltip='0%'>0</b> others
</small>
</div>
</div>
</div>
</div>
<div class="col-md-6">
<div class="card">
<div class="card-header">
<h6 class="card-title">Log events</h6>
</div>
<div class="card-body">
<div class="">
<canvas id='events-analysis' width='115' height='90'></canvas>
</div>
</div>
<div class="card-footer">
<div><small data-tooltip='25%'><b>7</b> events passed</small></div>
<div>
<small data-tooltip='29%'><b>8</b> events failed,
<b data-tooltip='%'>12</b> others
</small>
</div>
</div>
</div>
</div>
</div>
<div class="row"><div class="col-md-12">
<div class="card"><div class="card-header"><p>Timeline</p></div>
<div class="card-body pt-0"><div>
<canvas id="timeline" height="120"></canvas>
</div></div>
</div>
</div></div>
<script>
var timeline = {
"testCases.HRMS.HRCore.TC_DelegationTest":0.239,"testCases.HRMS.HRCore.TC_AssetIssueTest":0.14,"testCases.HRMS.HRCore.TC_DocumentTypeTest":0.12,"testCases.HRMS.HRCore.TC_QualificationTest":0.001,"testCases.HRMS.HRCore.TC_BankTest":0.001,"testCases.HRMS.HRCore.TC_WorkLocationTest":0,"testCases.HRMS.HRCore.TC_ReligionTest":0.138,"testCases.HRMS.HRCore.TC_CalendarTest":0,"testCases.HRMS.HRCore.TC_GradeTest":0,"testCases.HRMS.HRCore.TC_DesignationTest":0,"testCases.HRMS.HRCore.TC_LicensesTest":0.124,"testCases.HRMS.HRCore.TC_DeptTest":0.001,"testCases.HRMS.HRCore.TC_EmployeeTest":0,"testCases.HRMS.HRCore.TC_EmployeeTest":0.001,"testCases.HRMS.HRCore.TC_EmployeeTest":0.115,"testCases.HRMS.HRCore.DDT_ResidencyInfo":0.101,"testCases.HRMS.HRCore.MySQL_EmployeeTest":0.163
};
</script>
<div class="row">
<div class="col-lg-6 col-md-12 category-container">
<div class="card">
<div class="card-header"><p>Tags</p></div>
<div class="card-body pb-0 pt-0"><table class="table table-sm table-bordered">
<thead><tr class="bg-gray"><th>Name</th><th>Passed</th><th>Failed</th><th>Skipped</th><th>Others</th><th>Passed %</th></tr></thead><tbody>
<tr>
<td>regression</td>
<td>7</td>
<td>7</td>
<td>2</td>
<td>0</td>
<td>43.75%</td>
</tr>
<tr>
<td>datadriven</td>
<td>0</td>
<td>1</td>
<td>0</td>
<td>0</td>
<td>0%</td>
</tr>
</tbody>
</table></div>
</div>
</div>
<div class="col-lg-6 col-md-12 sysenv-container">
<div class="card">
<div class="card-header"><p>System/Environment</p></div>
<div class="card-body pb-0 pt-0"><table class="table table-sm table-bordered">
<thead><tr class="bg-gray"><th>Name</th><th>Value</th></tr></thead>
<tbody>
<tr>
<td>Automation Engineer (SDET)</td>
<td>Vaibhav Chavan</td>
</tr>
<tr>
<td>Application</td>
<td>Enfinity HRMS</td>
</tr>
<tr>
<td>Module</td>
<td>HRCore</td>
</tr>
<tr>
<td>Environemnt</td>
<td>QA</td>
</tr>
<tr>
<td>Operating System</td>
<td>windows</td>
</tr>
<tr>
<td>Browser</td>
<td>chrome</td>
</tr>
<tr>
<td>Groups</td>
<td>[regression, datadriven]</td>
</tr>
</tbody>
</table></div>
</div>
</div>
</div>
</div>
<script>
var statusGroup = {
parentCount: 5,
passParent: 7,
failParent: 8,
warningParent: 0,
skipParent: 2,
childCount: 5,
passChild: 0,
failChild: 0,
warningChild: 0,
skipChild: 0,
infoChild: 0,
grandChildCount: 5,
passGrandChild: 0,
failGrandChild: 0,
warningGrandChild: 0,
skipGrandChild: 0,
infoGrandChild: 0,
eventsCount: 5,
passEvents: 7,
failEvents: 8,
warningEvents: 0,
skipEvents: 2,
infoEvents: 10
};
</script>        </div>
      </div>
    </div>
  </div>
<script src="https://cdn.jsdelivr.net/gh/extent-framework/extent-github-cdn@c05cd28cde1617b9d0c05a831daff6cb97fd9fd5/spark/js/spark-script.js"></script>
<script type="text/javascript"></script></body>
</html>