

<!DOCTYPE html>
<html>
<head>
<meta charset="UTF-8">
<meta name="viewport" content="width=device-width, initial-scale=1, shrink-to-fit=no">
<title>Test Execution Report</title>
<link rel="apple-touch-icon" href="https://cdn.jsdelivr.net/gh/extent-framework/extent-github-cdn@b00a2d0486596e73dd7326beacf352c639623a0e/commons/img/logo.png">
<link rel="shortcut icon" href="https://cdn.jsdelivr.net/gh/extent-framework/extent-github-cdn@b00a2d0486596e73dd7326beacf352c639623a0e/commons/img/logo.png">
<link href="https://cdn.jsdelivr.net/gh/extent-framework/extent-github-cdn@ce8b10435bcbae260c334c0d0c6b61d2c19b6168/spark/css/spark-style.css" rel="stylesheet" />
<link href="https://stackpath.bootstrapcdn.com/font-awesome/4.7.0/css/font-awesome.min.css" rel="stylesheet">
<script src="https://cdn.jsdelivr.net/gh/extent-framework/extent-github-cdn@7cc78ce/spark/js/jsontree.js"></script>
<style type="text/css"></style></head><body class="spa -report dark">
  <div class="app">
    <div class="layout">
<div class="header navbar">
<div class="vheader">
<div class="nav-logo">
<a href="#">
<div class="logo" style="background-image: url('https://cdn.jsdelivr.net/gh/extent-framework/extent-github-cdn@b00a2d0486596e73dd7326beacf352c639623a0e/commons/img/logo.png')"></div>
</a>
</div>
<ul class="nav-left">
<li class="search-box">
<a class="search-toggle" href="#">
<i class="search-icon fa fa-search"></i>
<i class="search-icon-close fa fa-close"></i>
</a>
</li>
<li class="search-input"><input id="search-tests" class="form-control" type="text" placeholder="Search..."></li>
</ul>
<ul class="nav-right">
<li class="m-r-10">
<a href="#"><span class="badge badge-primary">HRMS Regression Testing</span></a>
</li>
<li class="m-r-10">
<a href="#"><span class="badge badge-primary">Jun 7, 2025 09:48:16 pm</span></a>
</li>
</ul>
</div>
</div><div class="side-nav">
<div class="side-nav-inner">
<ul class="side-nav-menu">
<li class="nav-item dropdown" onclick="toggleView('test-view')">
<a id="nav-test" class="dropdown-toggle" href="#">
<span class="ico"><i class="fa fa-list"></i></span>
</a>
</li>
<li class="nav-item dropdown" onclick="toggleView('category-view')">
<a id="nav-category" class="dropdown-toggle" href="#">
<span class="ico"><i class="fa fa-tag"></i></span>
</a>
</li>
<li class="nav-item dropdown" onclick="toggleView('dashboard-view')">
<a id="nav-dashboard" class="dropdown-toggle" href="#">
<span class="ico"><i class="fa fa-bar-chart"></i></span>
</a>
</li>
</ul>
</div>
</div>      <div class="vcontainer">
        <div class="main-content">
<div class="test-wrapper row view test-view">
  <div class="test-list">
    <div class="test-list-tools">
<ul class="tools pull-left">
<li><a href="#"><span class="font-size-14">Tests</span></a></li>
</ul>
<ul class="tools text-right">
<li class="dropdown">
<a href="#" class="dropdown-toggle" data-toggle="dropdown"><i class="fa fa-exclamation-circle"></i></a>
<ul id="status-toggle" class="dropdown-menu dropdown-md p-v-0">
<a class="dropdown-item" status="pass" href="#"><span>Pass</span><span class="status success"></span></a>
<a class="dropdown-item" status="fail" href="#"><span>Fail</span><span class="status danger"></span></a>
<a class="dropdown-item" status="skip" href="#"><span>Skip</span><span class="status warning"></span></a>
<div class="dropdown-divider"></div>
<a status="clear" class="dropdown-item" href="#"><span>Clear</span><span class="pull-right"><i class="fa fa-close"></i></span></a>
</ul>
</li>
<li class="dropdown">
<a href="#" class="dropdown-toggle" data-toggle="dropdown"><i class="fa fa-tag"></i></a>
<ul id="tag-toggle" class="dropdown-menu dropdown-md p-v-0">
<a class="dropdown-item" href="#">regression</a>
</ul>
</li>
</ul>
</div>    <div class="test-list-wrapper scrollable">
      <ul class="test-list-item">
        <li class="test-item"  status="skip" test-id="1"
          author=""
          tag="regression"
          device="">
          <div class="test-detail">
            <p class="name">testCases.HRMS.SelfService.DeleteITSupportRequestTest</p>
            <p class="text-sm">
              <span>9:49:03 pm</span> / <span>00:00:00:017</span>
              <span class="badge skip-bg log float-right">Skip</span>
            </p>
          </div>
          <div class="test-contents d-none">
<div class="detail-head">
<div class="p-v-10">
<div class="info">
<h5 class="test-status text-skip">testCases.HRMS.SelfService.DeleteITSupportRequestTest</h5>
<span class='badge badge-success'>06.07.2025 9:49:03 pm</span>
<span class='badge badge-danger'>06.07.2025 9:49:03 pm</span>
<span class='badge badge-default'>00:00:00:017</span>
&middot; <span class='uri-anchor badge badge-default'>#test-id=1</span>
<span title='Skip to the next failed step' class='badge badge-danger pointer float-right ne ml-1'><i class="fa fa-fast-forward"></i></span>
<span title='Collapse all nodes' class='badge badge-default pointer float-right ct ml-1'><i class="fa fa-compress"></i></span>
<span title='Expand all nodes' class='badge badge-default pointer float-right et'><i class="fa fa-expand"></i></span>
</div>
<div class="m-t-15"><span class="badge badge-pill badge-default">regression</span></div>
</div>
</div><div class="detail-body mt-4">
<table class="table table-sm">
  <thead><tr><th class="status-col">Status</th><th class="timestamp-col">Timestamp</th><th class="details-col">Details</th></tr></thead>
  <tbody>
      <tr class="event-row">
        <td><span class="badge log skip-bg">Skip</span></td>
        <td>9:49:03 pm</td>
        <td>
          deleteITSupportRequest got skipped
        </td>
      </tr>
      <tr class="event-row">
        <td><span class="badge log info-bg">Info</span></td>
        <td>9:49:03 pm</td>
        <td>
          Vaibhav- There is no active records..
        </td>
      </tr>
  </tbody>
</table>
</div>
          </div>
        </li>
        <li class="test-item"  status="fail" test-id="2"
          author=""
          tag="regression"
          device="">
          <div class="test-detail">
            <p class="name">testCases.HRMS.SelfService.DeleteITSupportRequestTest</p>
            <p class="text-sm">
              <span>9:49:31 pm</span> / <span>00:00:00:154</span>
              <span class="badge fail-bg log float-right">Fail</span>
            </p>
          </div>
          <div class="test-contents d-none">
<div class="detail-head">
<div class="p-v-10">
<div class="info">
<h5 class="test-status text-fail">testCases.HRMS.SelfService.DeleteITSupportRequestTest</h5>
<span class='badge badge-success'>06.07.2025 9:49:31 pm</span>
<span class='badge badge-danger'>06.07.2025 9:49:31 pm</span>
<span class='badge badge-default'>00:00:00:154</span>
&middot; <span class='uri-anchor badge badge-default'>#test-id=2</span>
<span title='Skip to the next failed step' class='badge badge-danger pointer float-right ne ml-1'><i class="fa fa-fast-forward"></i></span>
<span title='Collapse all nodes' class='badge badge-default pointer float-right ct ml-1'><i class="fa fa-compress"></i></span>
<span title='Expand all nodes' class='badge badge-default pointer float-right et'><i class="fa fa-expand"></i></span>
</div>
<div class="m-t-15"><span class="badge badge-pill badge-default">regression</span></div>
</div>
</div>    <div class="row mb-3"><div class="col-md-3">
    

<img data-featherlight='D:\1. Projects\_Testing\AutomationTesting\CompanyProjects\EBS\Enfinity_HybridFramework\screenshots\deleteITSupportRequest_20250607094931.png' src="D:\1. Projects\_Testing\AutomationTesting\CompanyProjects\EBS\Enfinity_HybridFramework\screenshots\deleteITSupportRequest_20250607094931.png">
  
    

    </div></div>
<div class="detail-body mt-4">
<table class="table table-sm">
  <thead><tr><th class="status-col">Status</th><th class="timestamp-col">Timestamp</th><th class="details-col">Details</th></tr></thead>
  <tbody>
      <tr class="event-row">
        <td><span class="badge log fail-bg">Fail</span></td>
        <td>9:49:31 pm</td>
        <td>
          deleteITSupportRequest got failed
        </td>
      </tr>
      <tr class="event-row">
        <td><span class="badge log info-bg">Info</span></td>
        <td>9:49:31 pm</td>
        <td>
          Vaibhav- There is no active records..
        </td>
      </tr>
  </tbody>
</table>
</div>
          </div>
        </li>
        <li class="test-item"  status="skip" test-id="3"
          author=""
          tag="regression"
          device="">
          <div class="test-detail">
            <p class="name">testCases.HRMS.SelfService.VerifyReviseWorkflowTest</p>
            <p class="text-sm">
              <span>9:50:28 pm</span> / <span>00:00:00:000</span>
              <span class="badge skip-bg log float-right">Skip</span>
            </p>
          </div>
          <div class="test-contents d-none">
<div class="detail-head">
<div class="p-v-10">
<div class="info">
<h5 class="test-status text-skip">testCases.HRMS.SelfService.VerifyReviseWorkflowTest</h5>
<span class='badge badge-success'>06.07.2025 9:50:28 pm</span>
<span class='badge badge-danger'>06.07.2025 9:50:28 pm</span>
<span class='badge badge-default'>00:00:00:000</span>
&middot; <span class='uri-anchor badge badge-default'>#test-id=3</span>
<span title='Skip to the next failed step' class='badge badge-danger pointer float-right ne ml-1'><i class="fa fa-fast-forward"></i></span>
<span title='Collapse all nodes' class='badge badge-default pointer float-right ct ml-1'><i class="fa fa-compress"></i></span>
<span title='Expand all nodes' class='badge badge-default pointer float-right et'><i class="fa fa-expand"></i></span>
</div>
<div class="m-t-15"><span class="badge badge-pill badge-default">regression</span></div>
</div>
</div><div class="detail-body mt-4">
<table class="table table-sm">
  <thead><tr><th class="status-col">Status</th><th class="timestamp-col">Timestamp</th><th class="details-col">Details</th></tr></thead>
  <tbody>
      <tr class="event-row">
        <td><span class="badge log skip-bg">Skip</span></td>
        <td>9:50:28 pm</td>
        <td>
          verifyReviseWorkflow got skipped
        </td>
      </tr>
      <tr class="event-row">
        <td><span class="badge log info-bg">Info</span></td>
        <td>9:50:28 pm</td>
        <td>
          Test case failed: org.openqa.selenium.StaleElementReferenceException: stale element reference: stale element not found
  (Session info: chrome=137.0.7151.69)
For documentation on this error, please visit: https://www.selenium.dev/documentation/webdriver/troubleshooting/errors#stale-element-reference-exception
Build info: version: '4.31.0', revision: '1ef9f18787*'
System info: os.name: 'Windows 11', os.arch: 'amd64', os.version: '10.0', java.version: '21.0.3'
Driver info: org.openqa.selenium.chrome.ChromeDriver
Command: [7bc01d0adfb909293fcbc79664bf8972, clickElement {id=f.8E36A25BDAA9790F48CD609267354BBA.d.631811760D4C42B09CA2277BD9EA2324.e.398}]
Capabilities {acceptInsecureCerts: false, browserName: chrome, browserVersion: 137.0.7151.69, chrome: {chromedriverVersion: 137.0.7151.68 (2989ffee9373..., userDataDir: C:\Users\Vaibhav\AppData\Lo...}, fedcm:accounts: true, goog:chromeOptions: {debuggerAddress: localhost:60536}, networkConnectionEnabled: false, pageLoadStrategy: normal, platformName: windows, proxy: Proxy(), se:cdp: ws://localhost:60536/devtoo..., se:cdpVersion: 137.0.7151.69, setWindowRect: true, strictFileInteractability: false, timeouts: {implicit: 0, pageLoad: 300000, script: 30000}, unhandledPromptBehavior: dismiss and notify, webauthn:extension:credBlob: true, webauthn:extension:largeBlob: true, webauthn:extension:minPinLength: true, webauthn:extension:prf: true, webauthn:virtualAuthenticators: true}
Element: [[ChromeDriver: chrome on windows (7bc01d0adfb909293fcbc79664bf8972)] -> xpath: (//input[@class='dx-texteditor-input'])[3]]
Session ID: 7bc01d0adfb909293fcbc79664bf8972
        </td>
      </tr>
  </tbody>
</table>
</div>
          </div>
        </li>
        <li class="test-item"  status="fail" test-id="4"
          author=""
          tag="regression"
          device="">
          <div class="test-detail">
            <p class="name">testCases.HRMS.SelfService.VerifyReviseWorkflowTest</p>
            <p class="text-sm">
              <span>9:51:37 pm</span> / <span>00:00:00:133</span>
              <span class="badge fail-bg log float-right">Fail</span>
            </p>
          </div>
          <div class="test-contents d-none">
<div class="detail-head">
<div class="p-v-10">
<div class="info">
<h5 class="test-status text-fail">testCases.HRMS.SelfService.VerifyReviseWorkflowTest</h5>
<span class='badge badge-success'>06.07.2025 9:51:37 pm</span>
<span class='badge badge-danger'>06.07.2025 9:51:37 pm</span>
<span class='badge badge-default'>00:00:00:133</span>
&middot; <span class='uri-anchor badge badge-default'>#test-id=4</span>
<span title='Skip to the next failed step' class='badge badge-danger pointer float-right ne ml-1'><i class="fa fa-fast-forward"></i></span>
<span title='Collapse all nodes' class='badge badge-default pointer float-right ct ml-1'><i class="fa fa-compress"></i></span>
<span title='Expand all nodes' class='badge badge-default pointer float-right et'><i class="fa fa-expand"></i></span>
</div>
<div class="m-t-15"><span class="badge badge-pill badge-default">regression</span></div>
</div>
</div>    <div class="row mb-3"><div class="col-md-3">
    

<img data-featherlight='D:\1. Projects\_Testing\AutomationTesting\CompanyProjects\EBS\Enfinity_HybridFramework\screenshots\verifyReviseWorkflow_20250607095137.png' src="D:\1. Projects\_Testing\AutomationTesting\CompanyProjects\EBS\Enfinity_HybridFramework\screenshots\verifyReviseWorkflow_20250607095137.png">
  
    

    </div></div>
<div class="detail-body mt-4">
<table class="table table-sm">
  <thead><tr><th class="status-col">Status</th><th class="timestamp-col">Timestamp</th><th class="details-col">Details</th></tr></thead>
  <tbody>
      <tr class="event-row">
        <td><span class="badge log fail-bg">Fail</span></td>
        <td>9:51:37 pm</td>
        <td>
          verifyReviseWorkflow got failed
        </td>
      </tr>
      <tr class="event-row">
        <td><span class="badge log info-bg">Info</span></td>
        <td>9:51:37 pm</td>
        <td>
          Test case failed: org.openqa.selenium.StaleElementReferenceException: stale element reference: stale element not found
  (Session info: chrome=137.0.7151.69)
For documentation on this error, please visit: https://www.selenium.dev/documentation/webdriver/troubleshooting/errors#stale-element-reference-exception
Build info: version: '4.31.0', revision: '1ef9f18787*'
System info: os.name: 'Windows 11', os.arch: 'amd64', os.version: '10.0', java.version: '21.0.3'
Driver info: org.openqa.selenium.chrome.ChromeDriver
Command: [7bc01d0adfb909293fcbc79664bf8972, clickElement {id=f.F891BBE1BB15A94A7A95FEB5F30D2A8D.d.3433DB1AE0BADAF57B7F92EFFD35795E.e.1399}]
Capabilities {acceptInsecureCerts: false, browserName: chrome, browserVersion: 137.0.7151.69, chrome: {chromedriverVersion: 137.0.7151.68 (2989ffee9373..., userDataDir: C:\Users\Vaibhav\AppData\Lo...}, fedcm:accounts: true, goog:chromeOptions: {debuggerAddress: localhost:60536}, networkConnectionEnabled: false, pageLoadStrategy: normal, platformName: windows, proxy: Proxy(), se:cdp: ws://localhost:60536/devtoo..., se:cdpVersion: 137.0.7151.69, setWindowRect: true, strictFileInteractability: false, timeouts: {implicit: 0, pageLoad: 300000, script: 30000}, unhandledPromptBehavior: dismiss and notify, webauthn:extension:credBlob: true, webauthn:extension:largeBlob: true, webauthn:extension:minPinLength: true, webauthn:extension:prf: true, webauthn:virtualAuthenticators: true}
Element: [[ChromeDriver: chrome on windows (7bc01d0adfb909293fcbc79664bf8972)] -> xpath: (//img[@class='dxWeb_mAdaptiveMenu_Office365 dxm-pImage'])[8]]
Session ID: 7bc01d0adfb909293fcbc79664bf8972
        </td>
      </tr>
  </tbody>
</table>
</div>
          </div>
        </li>
        <li class="test-item"  status="pass" test-id="5"
          author=""
          tag="regression"
          device="">
          <div class="test-detail">
            <p class="name">testCases.HRMS.SelfService.VerifyApproveWorkflowTest</p>
            <p class="text-sm">
              <span>9:52:59 pm</span> / <span>00:00:00:001</span>
              <span class="badge pass-bg log float-right">Pass</span>
            </p>
          </div>
          <div class="test-contents d-none">
<div class="detail-head">
<div class="p-v-10">
<div class="info">
<h5 class="test-status text-pass">testCases.HRMS.SelfService.VerifyApproveWorkflowTest</h5>
<span class='badge badge-success'>06.07.2025 9:52:59 pm</span>
<span class='badge badge-danger'>06.07.2025 9:52:59 pm</span>
<span class='badge badge-default'>00:00:00:001</span>
&middot; <span class='uri-anchor badge badge-default'>#test-id=5</span>
<span title='Skip to the next failed step' class='badge badge-danger pointer float-right ne ml-1'><i class="fa fa-fast-forward"></i></span>
<span title='Collapse all nodes' class='badge badge-default pointer float-right ct ml-1'><i class="fa fa-compress"></i></span>
<span title='Expand all nodes' class='badge badge-default pointer float-right et'><i class="fa fa-expand"></i></span>
</div>
<div class="m-t-15"><span class="badge badge-pill badge-default">regression</span></div>
</div>
</div><div class="detail-body mt-4">
<table class="table table-sm">
  <thead><tr><th class="status-col">Status</th><th class="timestamp-col">Timestamp</th><th class="details-col">Details</th></tr></thead>
  <tbody>
      <tr class="event-row">
        <td><span class="badge log pass-bg">Pass</span></td>
        <td>9:52:59 pm</td>
        <td>
          verifyApproveWorkflow got successfully executed
        </td>
      </tr>
  </tbody>
</table>
</div>
          </div>
        </li>
        <li class="test-item"  status="skip" test-id="6"
          author=""
          tag="regression"
          device="">
          <div class="test-detail">
            <p class="name">testCases.HRMS.SelfService.DeleteTimeOffTest</p>
            <p class="text-sm">
              <span>9:53:27 pm</span> / <span>00:00:00:000</span>
              <span class="badge skip-bg log float-right">Skip</span>
            </p>
          </div>
          <div class="test-contents d-none">
<div class="detail-head">
<div class="p-v-10">
<div class="info">
<h5 class="test-status text-skip">testCases.HRMS.SelfService.DeleteTimeOffTest</h5>
<span class='badge badge-success'>06.07.2025 9:53:27 pm</span>
<span class='badge badge-danger'>06.07.2025 9:53:27 pm</span>
<span class='badge badge-default'>00:00:00:000</span>
&middot; <span class='uri-anchor badge badge-default'>#test-id=6</span>
<span title='Skip to the next failed step' class='badge badge-danger pointer float-right ne ml-1'><i class="fa fa-fast-forward"></i></span>
<span title='Collapse all nodes' class='badge badge-default pointer float-right ct ml-1'><i class="fa fa-compress"></i></span>
<span title='Expand all nodes' class='badge badge-default pointer float-right et'><i class="fa fa-expand"></i></span>
</div>
<div class="m-t-15"><span class="badge badge-pill badge-default">regression</span></div>
</div>
</div><div class="detail-body mt-4">
<table class="table table-sm">
  <thead><tr><th class="status-col">Status</th><th class="timestamp-col">Timestamp</th><th class="details-col">Details</th></tr></thead>
  <tbody>
      <tr class="event-row">
        <td><span class="badge log skip-bg">Skip</span></td>
        <td>9:53:27 pm</td>
        <td>
          deleteTimeOff got skipped
        </td>
      </tr>
      <tr class="event-row">
        <td><span class="badge log info-bg">Info</span></td>
        <td>9:53:27 pm</td>
        <td>
          Test case failed: java.lang.RuntimeException: Invalid path or file: D:\1. Projects\_Testing\AutomationTesting\CompanyProjects\EBS\Enfinity_HybridFramework\src\test\java\models\SelfService\SelfService\TimeOffData.json does not exist
        </td>
      </tr>
  </tbody>
</table>
</div>
          </div>
        </li>
        <li class="test-item"  status="fail" test-id="7"
          author=""
          tag="regression"
          device="">
          <div class="test-detail">
            <p class="name">testCases.HRMS.SelfService.DeleteTimeOffTest</p>
            <p class="text-sm">
              <span>9:53:37 pm</span> / <span>00:00:00:127</span>
              <span class="badge fail-bg log float-right">Fail</span>
            </p>
          </div>
          <div class="test-contents d-none">
<div class="detail-head">
<div class="p-v-10">
<div class="info">
<h5 class="test-status text-fail">testCases.HRMS.SelfService.DeleteTimeOffTest</h5>
<span class='badge badge-success'>06.07.2025 9:53:37 pm</span>
<span class='badge badge-danger'>06.07.2025 9:53:37 pm</span>
<span class='badge badge-default'>00:00:00:127</span>
&middot; <span class='uri-anchor badge badge-default'>#test-id=7</span>
<span title='Skip to the next failed step' class='badge badge-danger pointer float-right ne ml-1'><i class="fa fa-fast-forward"></i></span>
<span title='Collapse all nodes' class='badge badge-default pointer float-right ct ml-1'><i class="fa fa-compress"></i></span>
<span title='Expand all nodes' class='badge badge-default pointer float-right et'><i class="fa fa-expand"></i></span>
</div>
<div class="m-t-15"><span class="badge badge-pill badge-default">regression</span></div>
</div>
</div>    <div class="row mb-3"><div class="col-md-3">
    

<img data-featherlight='D:\1. Projects\_Testing\AutomationTesting\CompanyProjects\EBS\Enfinity_HybridFramework\screenshots\deleteTimeOff_20250607095337.png' src="D:\1. Projects\_Testing\AutomationTesting\CompanyProjects\EBS\Enfinity_HybridFramework\screenshots\deleteTimeOff_20250607095337.png">
  
    

    </div></div>
<div class="detail-body mt-4">
<table class="table table-sm">
  <thead><tr><th class="status-col">Status</th><th class="timestamp-col">Timestamp</th><th class="details-col">Details</th></tr></thead>
  <tbody>
      <tr class="event-row">
        <td><span class="badge log fail-bg">Fail</span></td>
        <td>9:53:37 pm</td>
        <td>
          deleteTimeOff got failed
        </td>
      </tr>
      <tr class="event-row">
        <td><span class="badge log info-bg">Info</span></td>
        <td>9:53:37 pm</td>
        <td>
          Test case failed: java.lang.RuntimeException: Invalid path or file: D:\1. Projects\_Testing\AutomationTesting\CompanyProjects\EBS\Enfinity_HybridFramework\src\test\java\models\SelfService\SelfService\TimeOffData.json does not exist
        </td>
      </tr>
  </tbody>
</table>
</div>
          </div>
        </li>
        <li class="test-item"  status="pass" test-id="8"
          author=""
          tag="regression"
          device="">
          <div class="test-detail">
            <p class="name">testCases.HRMS.Payroll.CreateLeaveOpeningBalanceTest</p>
            <p class="text-sm">
              <span>9:54:55 pm</span> / <span>00:00:00:000</span>
              <span class="badge pass-bg log float-right">Pass</span>
            </p>
          </div>
          <div class="test-contents d-none">
<div class="detail-head">
<div class="p-v-10">
<div class="info">
<h5 class="test-status text-pass">testCases.HRMS.Payroll.CreateLeaveOpeningBalanceTest</h5>
<span class='badge badge-success'>06.07.2025 9:54:55 pm</span>
<span class='badge badge-danger'>06.07.2025 9:54:55 pm</span>
<span class='badge badge-default'>00:00:00:000</span>
&middot; <span class='uri-anchor badge badge-default'>#test-id=8</span>
<span title='Skip to the next failed step' class='badge badge-danger pointer float-right ne ml-1'><i class="fa fa-fast-forward"></i></span>
<span title='Collapse all nodes' class='badge badge-default pointer float-right ct ml-1'><i class="fa fa-compress"></i></span>
<span title='Expand all nodes' class='badge badge-default pointer float-right et'><i class="fa fa-expand"></i></span>
</div>
<div class="m-t-15"><span class="badge badge-pill badge-default">regression</span></div>
</div>
</div><div class="detail-body mt-4">
<table class="table table-sm">
  <thead><tr><th class="status-col">Status</th><th class="timestamp-col">Timestamp</th><th class="details-col">Details</th></tr></thead>
  <tbody>
      <tr class="event-row">
        <td><span class="badge log pass-bg">Pass</span></td>
        <td>9:54:55 pm</td>
        <td>
          createLeaveOpeningBalance got successfully executed
        </td>
      </tr>
  </tbody>
</table>
</div>
          </div>
        </li>
        <li class="test-item"  status="skip" test-id="9"
          author=""
          tag="regression"
          device="">
          <div class="test-detail">
            <p class="name">testCases.HRMS.HRCore.CreateEmployeeTest</p>
            <p class="text-sm">
              <span>9:55:24 pm</span> / <span>00:00:00:000</span>
              <span class="badge skip-bg log float-right">Skip</span>
            </p>
          </div>
          <div class="test-contents d-none">
<div class="detail-head">
<div class="p-v-10">
<div class="info">
<h5 class="test-status text-skip">testCases.HRMS.HRCore.CreateEmployeeTest</h5>
<span class='badge badge-success'>06.07.2025 9:55:24 pm</span>
<span class='badge badge-danger'>06.07.2025 9:55:24 pm</span>
<span class='badge badge-default'>00:00:00:000</span>
&middot; <span class='uri-anchor badge badge-default'>#test-id=9</span>
<span title='Skip to the next failed step' class='badge badge-danger pointer float-right ne ml-1'><i class="fa fa-fast-forward"></i></span>
<span title='Collapse all nodes' class='badge badge-default pointer float-right ct ml-1'><i class="fa fa-compress"></i></span>
<span title='Expand all nodes' class='badge badge-default pointer float-right et'><i class="fa fa-expand"></i></span>
</div>
<div class="m-t-15"><span class="badge badge-pill badge-default">regression</span></div>
</div>
</div><div class="detail-body mt-4">
<table class="table table-sm">
  <thead><tr><th class="status-col">Status</th><th class="timestamp-col">Timestamp</th><th class="details-col">Details</th></tr></thead>
  <tbody>
      <tr class="event-row">
        <td><span class="badge log skip-bg">Skip</span></td>
        <td>9:55:24 pm</td>
        <td>
          createEmployee got skipped
        </td>
      </tr>
      <tr class="event-row">
        <td><span class="badge log info-bg">Info</span></td>
        <td>9:55:24 pm</td>
        <td>
          Test case failed: java.lang.RuntimeException: Failed to parse JSON list data model
        </td>
      </tr>
  </tbody>
</table>
</div>
          </div>
        </li>
        <li class="test-item"  status="fail" test-id="10"
          author=""
          tag="regression"
          device="">
          <div class="test-detail">
            <p class="name">testCases.HRMS.HRCore.CreateEmployeeTest</p>
            <p class="text-sm">
              <span>9:55:34 pm</span> / <span>00:00:00:133</span>
              <span class="badge fail-bg log float-right">Fail</span>
            </p>
          </div>
          <div class="test-contents d-none">
<div class="detail-head">
<div class="p-v-10">
<div class="info">
<h5 class="test-status text-fail">testCases.HRMS.HRCore.CreateEmployeeTest</h5>
<span class='badge badge-success'>06.07.2025 9:55:34 pm</span>
<span class='badge badge-danger'>06.07.2025 9:55:34 pm</span>
<span class='badge badge-default'>00:00:00:133</span>
&middot; <span class='uri-anchor badge badge-default'>#test-id=10</span>
<span title='Skip to the next failed step' class='badge badge-danger pointer float-right ne ml-1'><i class="fa fa-fast-forward"></i></span>
<span title='Collapse all nodes' class='badge badge-default pointer float-right ct ml-1'><i class="fa fa-compress"></i></span>
<span title='Expand all nodes' class='badge badge-default pointer float-right et'><i class="fa fa-expand"></i></span>
</div>
<div class="m-t-15"><span class="badge badge-pill badge-default">regression</span></div>
</div>
</div>    <div class="row mb-3"><div class="col-md-3">
    

<img data-featherlight='D:\1. Projects\_Testing\AutomationTesting\CompanyProjects\EBS\Enfinity_HybridFramework\screenshots\createEmployee_20250607095534.png' src="D:\1. Projects\_Testing\AutomationTesting\CompanyProjects\EBS\Enfinity_HybridFramework\screenshots\createEmployee_20250607095534.png">
  
    

    </div></div>
<div class="detail-body mt-4">
<table class="table table-sm">
  <thead><tr><th class="status-col">Status</th><th class="timestamp-col">Timestamp</th><th class="details-col">Details</th></tr></thead>
  <tbody>
      <tr class="event-row">
        <td><span class="badge log fail-bg">Fail</span></td>
        <td>9:55:34 pm</td>
        <td>
          createEmployee got failed
        </td>
      </tr>
      <tr class="event-row">
        <td><span class="badge log info-bg">Info</span></td>
        <td>9:55:34 pm</td>
        <td>
          Test case failed: java.lang.RuntimeException: Failed to parse JSON list data model
        </td>
      </tr>
  </tbody>
</table>
</div>
          </div>
        </li>
        <li class="test-item"  status="pass" test-id="11"
          author=""
          tag="regression"
          device="">
          <div class="test-detail">
            <p class="name">testCases.HRMS.SelfService.CreateLeaveRequestTest</p>
            <p class="text-sm">
              <span>9:56:30 pm</span> / <span>00:00:00:000</span>
              <span class="badge pass-bg log float-right">Pass</span>
            </p>
          </div>
          <div class="test-contents d-none">
<div class="detail-head">
<div class="p-v-10">
<div class="info">
<h5 class="test-status text-pass">testCases.HRMS.SelfService.CreateLeaveRequestTest</h5>
<span class='badge badge-success'>06.07.2025 9:56:30 pm</span>
<span class='badge badge-danger'>06.07.2025 9:56:30 pm</span>
<span class='badge badge-default'>00:00:00:000</span>
&middot; <span class='uri-anchor badge badge-default'>#test-id=11</span>
<span title='Skip to the next failed step' class='badge badge-danger pointer float-right ne ml-1'><i class="fa fa-fast-forward"></i></span>
<span title='Collapse all nodes' class='badge badge-default pointer float-right ct ml-1'><i class="fa fa-compress"></i></span>
<span title='Expand all nodes' class='badge badge-default pointer float-right et'><i class="fa fa-expand"></i></span>
</div>
<div class="m-t-15"><span class="badge badge-pill badge-default">regression</span></div>
</div>
</div><div class="detail-body mt-4">
<table class="table table-sm">
  <thead><tr><th class="status-col">Status</th><th class="timestamp-col">Timestamp</th><th class="details-col">Details</th></tr></thead>
  <tbody>
      <tr class="event-row">
        <td><span class="badge log pass-bg">Pass</span></td>
        <td>9:56:30 pm</td>
        <td>
          createLeaveRequest got successfully executed
        </td>
      </tr>
  </tbody>
</table>
</div>
          </div>
        </li>
        <li class="test-item"  status="pass" test-id="12"
          author=""
          tag="regression"
          device="">
          <div class="test-detail">
            <p class="name">testCases.HRMS.SelfService.DeleteLeaveRequestTest</p>
            <p class="text-sm">
              <span>9:57:14 pm</span> / <span>00:00:00:000</span>
              <span class="badge pass-bg log float-right">Pass</span>
            </p>
          </div>
          <div class="test-contents d-none">
<div class="detail-head">
<div class="p-v-10">
<div class="info">
<h5 class="test-status text-pass">testCases.HRMS.SelfService.DeleteLeaveRequestTest</h5>
<span class='badge badge-success'>06.07.2025 9:57:14 pm</span>
<span class='badge badge-danger'>06.07.2025 9:57:14 pm</span>
<span class='badge badge-default'>00:00:00:000</span>
&middot; <span class='uri-anchor badge badge-default'>#test-id=12</span>
<span title='Skip to the next failed step' class='badge badge-danger pointer float-right ne ml-1'><i class="fa fa-fast-forward"></i></span>
<span title='Collapse all nodes' class='badge badge-default pointer float-right ct ml-1'><i class="fa fa-compress"></i></span>
<span title='Expand all nodes' class='badge badge-default pointer float-right et'><i class="fa fa-expand"></i></span>
</div>
<div class="m-t-15"><span class="badge badge-pill badge-default">regression</span></div>
</div>
</div><div class="detail-body mt-4">
<table class="table table-sm">
  <thead><tr><th class="status-col">Status</th><th class="timestamp-col">Timestamp</th><th class="details-col">Details</th></tr></thead>
  <tbody>
      <tr class="event-row">
        <td><span class="badge log pass-bg">Pass</span></td>
        <td>9:57:14 pm</td>
        <td>
          deleteLeaveRequest got successfully executed
        </td>
      </tr>
  </tbody>
</table>
</div>
          </div>
        </li>
        <li class="test-item"  status="skip" test-id="13"
          author=""
          tag="regression"
          device="">
          <div class="test-detail">
            <p class="name">testCases.HRMS.SelfService.DeleteLoanRequestTest</p>
            <p class="text-sm">
              <span>9:57:59 pm</span> / <span>00:00:00:000</span>
              <span class="badge skip-bg log float-right">Skip</span>
            </p>
          </div>
          <div class="test-contents d-none">
<div class="detail-head">
<div class="p-v-10">
<div class="info">
<h5 class="test-status text-skip">testCases.HRMS.SelfService.DeleteLoanRequestTest</h5>
<span class='badge badge-success'>06.07.2025 9:57:59 pm</span>
<span class='badge badge-danger'>06.07.2025 9:57:59 pm</span>
<span class='badge badge-default'>00:00:00:000</span>
&middot; <span class='uri-anchor badge badge-default'>#test-id=13</span>
<span title='Skip to the next failed step' class='badge badge-danger pointer float-right ne ml-1'><i class="fa fa-fast-forward"></i></span>
<span title='Collapse all nodes' class='badge badge-default pointer float-right ct ml-1'><i class="fa fa-compress"></i></span>
<span title='Expand all nodes' class='badge badge-default pointer float-right et'><i class="fa fa-expand"></i></span>
</div>
<div class="m-t-15"><span class="badge badge-pill badge-default">regression</span></div>
</div>
</div><div class="detail-body mt-4">
<table class="table table-sm">
  <thead><tr><th class="status-col">Status</th><th class="timestamp-col">Timestamp</th><th class="details-col">Details</th></tr></thead>
  <tbody>
      <tr class="event-row">
        <td><span class="badge log skip-bg">Skip</span></td>
        <td>9:57:59 pm</td>
        <td>
          deleteLoanRequest got skipped
        </td>
      </tr>
      <tr class="event-row">
        <td><span class="badge log info-bg">Info</span></td>
        <td>9:57:59 pm</td>
        <td>
          Vaibhav- There is no active records..
        </td>
      </tr>
  </tbody>
</table>
</div>
          </div>
        </li>
        <li class="test-item"  status="fail" test-id="14"
          author=""
          tag="regression"
          device="">
          <div class="test-detail">
            <p class="name">testCases.HRMS.SelfService.DeleteLoanRequestTest</p>
            <p class="text-sm">
              <span>9:58:25 pm</span> / <span>00:00:00:117</span>
              <span class="badge fail-bg log float-right">Fail</span>
            </p>
          </div>
          <div class="test-contents d-none">
<div class="detail-head">
<div class="p-v-10">
<div class="info">
<h5 class="test-status text-fail">testCases.HRMS.SelfService.DeleteLoanRequestTest</h5>
<span class='badge badge-success'>06.07.2025 9:58:25 pm</span>
<span class='badge badge-danger'>06.07.2025 9:58:25 pm</span>
<span class='badge badge-default'>00:00:00:117</span>
&middot; <span class='uri-anchor badge badge-default'>#test-id=14</span>
<span title='Skip to the next failed step' class='badge badge-danger pointer float-right ne ml-1'><i class="fa fa-fast-forward"></i></span>
<span title='Collapse all nodes' class='badge badge-default pointer float-right ct ml-1'><i class="fa fa-compress"></i></span>
<span title='Expand all nodes' class='badge badge-default pointer float-right et'><i class="fa fa-expand"></i></span>
</div>
<div class="m-t-15"><span class="badge badge-pill badge-default">regression</span></div>
</div>
</div>    <div class="row mb-3"><div class="col-md-3">
    

<img data-featherlight='D:\1. Projects\_Testing\AutomationTesting\CompanyProjects\EBS\Enfinity_HybridFramework\screenshots\deleteLoanRequest_20250607095825.png' src="D:\1. Projects\_Testing\AutomationTesting\CompanyProjects\EBS\Enfinity_HybridFramework\screenshots\deleteLoanRequest_20250607095825.png">
  
    

    </div></div>
<div class="detail-body mt-4">
<table class="table table-sm">
  <thead><tr><th class="status-col">Status</th><th class="timestamp-col">Timestamp</th><th class="details-col">Details</th></tr></thead>
  <tbody>
      <tr class="event-row">
        <td><span class="badge log fail-bg">Fail</span></td>
        <td>9:58:25 pm</td>
        <td>
          deleteLoanRequest got failed
        </td>
      </tr>
      <tr class="event-row">
        <td><span class="badge log info-bg">Info</span></td>
        <td>9:58:25 pm</td>
        <td>
          Vaibhav- There is no active records..
        </td>
      </tr>
  </tbody>
</table>
</div>
          </div>
        </li>
        <li class="test-item"  status="skip" test-id="15"
          author=""
          tag="regression"
          device="">
          <div class="test-detail">
            <p class="name">testCases.HRMS.SelfService.DeleteSupportReqCategoryTest</p>
            <p class="text-sm">
              <span>9:59:14 pm</span> / <span>00:00:00:001</span>
              <span class="badge skip-bg log float-right">Skip</span>
            </p>
          </div>
          <div class="test-contents d-none">
<div class="detail-head">
<div class="p-v-10">
<div class="info">
<h5 class="test-status text-skip">testCases.HRMS.SelfService.DeleteSupportReqCategoryTest</h5>
<span class='badge badge-success'>06.07.2025 9:59:14 pm</span>
<span class='badge badge-danger'>06.07.2025 9:59:14 pm</span>
<span class='badge badge-default'>00:00:00:001</span>
&middot; <span class='uri-anchor badge badge-default'>#test-id=15</span>
<span title='Skip to the next failed step' class='badge badge-danger pointer float-right ne ml-1'><i class="fa fa-fast-forward"></i></span>
<span title='Collapse all nodes' class='badge badge-default pointer float-right ct ml-1'><i class="fa fa-compress"></i></span>
<span title='Expand all nodes' class='badge badge-default pointer float-right et'><i class="fa fa-expand"></i></span>
</div>
<div class="m-t-15"><span class="badge badge-pill badge-default">regression</span></div>
</div>
</div><div class="detail-body mt-4">
<table class="table table-sm">
  <thead><tr><th class="status-col">Status</th><th class="timestamp-col">Timestamp</th><th class="details-col">Details</th></tr></thead>
  <tbody>
      <tr class="event-row">
        <td><span class="badge log skip-bg">Skip</span></td>
        <td>9:59:14 pm</td>
        <td>
          deleteSupportReqCategory got skipped
        </td>
      </tr>
      <tr class="event-row">
        <td><span class="badge log info-bg">Info</span></td>
        <td>9:59:14 pm</td>
        <td>
          VRC- Test case failed: java.lang.RuntimeException: Vaibhav- There is no active records..
        </td>
      </tr>
  </tbody>
</table>
</div>
          </div>
        </li>
        <li class="test-item"  status="fail" test-id="16"
          author=""
          tag="regression"
          device="">
          <div class="test-detail">
            <p class="name">testCases.HRMS.SelfService.DeleteSupportReqCategoryTest</p>
            <p class="text-sm">
              <span>9:59:40 pm</span> / <span>00:00:00:147</span>
              <span class="badge fail-bg log float-right">Fail</span>
            </p>
          </div>
          <div class="test-contents d-none">
<div class="detail-head">
<div class="p-v-10">
<div class="info">
<h5 class="test-status text-fail">testCases.HRMS.SelfService.DeleteSupportReqCategoryTest</h5>
<span class='badge badge-success'>06.07.2025 9:59:40 pm</span>
<span class='badge badge-danger'>06.07.2025 9:59:41 pm</span>
<span class='badge badge-default'>00:00:00:147</span>
&middot; <span class='uri-anchor badge badge-default'>#test-id=16</span>
<span title='Skip to the next failed step' class='badge badge-danger pointer float-right ne ml-1'><i class="fa fa-fast-forward"></i></span>
<span title='Collapse all nodes' class='badge badge-default pointer float-right ct ml-1'><i class="fa fa-compress"></i></span>
<span title='Expand all nodes' class='badge badge-default pointer float-right et'><i class="fa fa-expand"></i></span>
</div>
<div class="m-t-15"><span class="badge badge-pill badge-default">regression</span></div>
</div>
</div>    <div class="row mb-3"><div class="col-md-3">
    

<img data-featherlight='D:\1. Projects\_Testing\AutomationTesting\CompanyProjects\EBS\Enfinity_HybridFramework\screenshots\deleteSupportReqCategory_20250607095940.png' src="D:\1. Projects\_Testing\AutomationTesting\CompanyProjects\EBS\Enfinity_HybridFramework\screenshots\deleteSupportReqCategory_20250607095940.png">
  
    

    </div></div>
<div class="detail-body mt-4">
<table class="table table-sm">
  <thead><tr><th class="status-col">Status</th><th class="timestamp-col">Timestamp</th><th class="details-col">Details</th></tr></thead>
  <tbody>
      <tr class="event-row">
        <td><span class="badge log fail-bg">Fail</span></td>
        <td>9:59:40 pm</td>
        <td>
          deleteSupportReqCategory got failed
        </td>
      </tr>
      <tr class="event-row">
        <td><span class="badge log info-bg">Info</span></td>
        <td>9:59:40 pm</td>
        <td>
          VRC- Test case failed: java.lang.RuntimeException: Vaibhav- There is no active records..
        </td>
      </tr>
  </tbody>
</table>
</div>
          </div>
        </li>
        <li class="test-item"  status="pass" test-id="17"
          author=""
          tag="regression"
          device="">
          <div class="test-detail">
            <p class="name">testCases.HRMS.Payroll.DeleteLeaveOpeningBalanceTest</p>
            <p class="text-sm">
              <span>10:00:55 pm</span> / <span>00:00:00:001</span>
              <span class="badge pass-bg log float-right">Pass</span>
            </p>
          </div>
          <div class="test-contents d-none">
<div class="detail-head">
<div class="p-v-10">
<div class="info">
<h5 class="test-status text-pass">testCases.HRMS.Payroll.DeleteLeaveOpeningBalanceTest</h5>
<span class='badge badge-success'>06.07.2025 10:00:55 pm</span>
<span class='badge badge-danger'>06.07.2025 10:00:55 pm</span>
<span class='badge badge-default'>00:00:00:001</span>
&middot; <span class='uri-anchor badge badge-default'>#test-id=17</span>
<span title='Skip to the next failed step' class='badge badge-danger pointer float-right ne ml-1'><i class="fa fa-fast-forward"></i></span>
<span title='Collapse all nodes' class='badge badge-default pointer float-right ct ml-1'><i class="fa fa-compress"></i></span>
<span title='Expand all nodes' class='badge badge-default pointer float-right et'><i class="fa fa-expand"></i></span>
</div>
<div class="m-t-15"><span class="badge badge-pill badge-default">regression</span></div>
</div>
</div><div class="detail-body mt-4">
<table class="table table-sm">
  <thead><tr><th class="status-col">Status</th><th class="timestamp-col">Timestamp</th><th class="details-col">Details</th></tr></thead>
  <tbody>
      <tr class="event-row">
        <td><span class="badge log pass-bg">Pass</span></td>
        <td>10:00:55 pm</td>
        <td>
          deleteLeaveOpeningBalance got successfully executed
        </td>
      </tr>
  </tbody>
</table>
</div>
          </div>
        </li>
        <li class="test-item"  status="pass" test-id="18"
          author=""
          tag="regression"
          device="">
          <div class="test-detail">
            <p class="name">testCases.HRMS.Attendance.CreateRosterTest</p>
            <p class="text-sm">
              <span>10:01:56 pm</span> / <span>00:00:00:000</span>
              <span class="badge pass-bg log float-right">Pass</span>
            </p>
          </div>
          <div class="test-contents d-none">
<div class="detail-head">
<div class="p-v-10">
<div class="info">
<h5 class="test-status text-pass">testCases.HRMS.Attendance.CreateRosterTest</h5>
<span class='badge badge-success'>06.07.2025 10:01:56 pm</span>
<span class='badge badge-danger'>06.07.2025 10:01:56 pm</span>
<span class='badge badge-default'>00:00:00:000</span>
&middot; <span class='uri-anchor badge badge-default'>#test-id=18</span>
<span title='Skip to the next failed step' class='badge badge-danger pointer float-right ne ml-1'><i class="fa fa-fast-forward"></i></span>
<span title='Collapse all nodes' class='badge badge-default pointer float-right ct ml-1'><i class="fa fa-compress"></i></span>
<span title='Expand all nodes' class='badge badge-default pointer float-right et'><i class="fa fa-expand"></i></span>
</div>
<div class="m-t-15"><span class="badge badge-pill badge-default">regression</span></div>
</div>
</div><div class="detail-body mt-4">
<table class="table table-sm">
  <thead><tr><th class="status-col">Status</th><th class="timestamp-col">Timestamp</th><th class="details-col">Details</th></tr></thead>
  <tbody>
      <tr class="event-row">
        <td><span class="badge log pass-bg">Pass</span></td>
        <td>10:01:56 pm</td>
        <td>
          createRoster got successfully executed
        </td>
      </tr>
  </tbody>
</table>
</div>
          </div>
        </li>
        <li class="test-item"  status="skip" test-id="19"
          author=""
          tag="regression"
          device="">
          <div class="test-detail">
            <p class="name">testCases.HRMS.Payroll.DeleteLeaveTest</p>
            <p class="text-sm">
              <span>10:02:49 pm</span> / <span>00:00:00:001</span>
              <span class="badge skip-bg log float-right">Skip</span>
            </p>
          </div>
          <div class="test-contents d-none">
<div class="detail-head">
<div class="p-v-10">
<div class="info">
<h5 class="test-status text-skip">testCases.HRMS.Payroll.DeleteLeaveTest</h5>
<span class='badge badge-success'>06.07.2025 10:02:49 pm</span>
<span class='badge badge-danger'>06.07.2025 10:02:49 pm</span>
<span class='badge badge-default'>00:00:00:001</span>
&middot; <span class='uri-anchor badge badge-default'>#test-id=19</span>
<span title='Skip to the next failed step' class='badge badge-danger pointer float-right ne ml-1'><i class="fa fa-fast-forward"></i></span>
<span title='Collapse all nodes' class='badge badge-default pointer float-right ct ml-1'><i class="fa fa-compress"></i></span>
<span title='Expand all nodes' class='badge badge-default pointer float-right et'><i class="fa fa-expand"></i></span>
</div>
<div class="m-t-15"><span class="badge badge-pill badge-default">regression</span></div>
</div>
</div><div class="detail-body mt-4">
<table class="table table-sm">
  <thead><tr><th class="status-col">Status</th><th class="timestamp-col">Timestamp</th><th class="details-col">Details</th></tr></thead>
  <tbody>
      <tr class="event-row">
        <td><span class="badge log skip-bg">Skip</span></td>
        <td>10:02:49 pm</td>
        <td>
          deleteLeave got skipped
        </td>
      </tr>
      <tr class="event-row">
        <td><span class="badge log info-bg">Info</span></td>
        <td>10:02:49 pm</td>
        <td>
          Vaibhav - There are no active records.
        </td>
      </tr>
  </tbody>
</table>
</div>
          </div>
        </li>
        <li class="test-item"  status="fail" test-id="20"
          author=""
          tag="regression"
          device="">
          <div class="test-detail">
            <p class="name">testCases.HRMS.Payroll.DeleteLeaveTest</p>
            <p class="text-sm">
              <span>10:03:15 pm</span> / <span>00:00:00:192</span>
              <span class="badge fail-bg log float-right">Fail</span>
            </p>
          </div>
          <div class="test-contents d-none">
<div class="detail-head">
<div class="p-v-10">
<div class="info">
<h5 class="test-status text-fail">testCases.HRMS.Payroll.DeleteLeaveTest</h5>
<span class='badge badge-success'>06.07.2025 10:03:15 pm</span>
<span class='badge badge-danger'>06.07.2025 10:03:15 pm</span>
<span class='badge badge-default'>00:00:00:192</span>
&middot; <span class='uri-anchor badge badge-default'>#test-id=20</span>
<span title='Skip to the next failed step' class='badge badge-danger pointer float-right ne ml-1'><i class="fa fa-fast-forward"></i></span>
<span title='Collapse all nodes' class='badge badge-default pointer float-right ct ml-1'><i class="fa fa-compress"></i></span>
<span title='Expand all nodes' class='badge badge-default pointer float-right et'><i class="fa fa-expand"></i></span>
</div>
<div class="m-t-15"><span class="badge badge-pill badge-default">regression</span></div>
</div>
</div>    <div class="row mb-3"><div class="col-md-3">
    

<img data-featherlight='D:\1. Projects\_Testing\AutomationTesting\CompanyProjects\EBS\Enfinity_HybridFramework\screenshots\deleteLeave_20250607100315.png' src="D:\1. Projects\_Testing\AutomationTesting\CompanyProjects\EBS\Enfinity_HybridFramework\screenshots\deleteLeave_20250607100315.png">
  
    

    </div></div>
<div class="detail-body mt-4">
<table class="table table-sm">
  <thead><tr><th class="status-col">Status</th><th class="timestamp-col">Timestamp</th><th class="details-col">Details</th></tr></thead>
  <tbody>
      <tr class="event-row">
        <td><span class="badge log fail-bg">Fail</span></td>
        <td>10:03:15 pm</td>
        <td>
          deleteLeave got failed
        </td>
      </tr>
      <tr class="event-row">
        <td><span class="badge log info-bg">Info</span></td>
        <td>10:03:15 pm</td>
        <td>
          Vaibhav - There are no active records.
        </td>
      </tr>
  </tbody>
</table>
</div>
          </div>
        </li>
        <li class="test-item"  status="skip" test-id="21"
          author=""
          tag="regression"
          device="">
          <div class="test-detail">
            <p class="name">testCases.HRMS.SelfService.CreateLoanRequestTest</p>
            <p class="text-sm">
              <span>10:04:12 pm</span> / <span>00:00:00:002</span>
              <span class="badge skip-bg log float-right">Skip</span>
            </p>
          </div>
          <div class="test-contents d-none">
<div class="detail-head">
<div class="p-v-10">
<div class="info">
<h5 class="test-status text-skip">testCases.HRMS.SelfService.CreateLoanRequestTest</h5>
<span class='badge badge-success'>06.07.2025 10:04:12 pm</span>
<span class='badge badge-danger'>06.07.2025 10:04:12 pm</span>
<span class='badge badge-default'>00:00:00:002</span>
&middot; <span class='uri-anchor badge badge-default'>#test-id=21</span>
<span title='Skip to the next failed step' class='badge badge-danger pointer float-right ne ml-1'><i class="fa fa-fast-forward"></i></span>
<span title='Collapse all nodes' class='badge badge-default pointer float-right ct ml-1'><i class="fa fa-compress"></i></span>
<span title='Expand all nodes' class='badge badge-default pointer float-right et'><i class="fa fa-expand"></i></span>
</div>
<div class="m-t-15"><span class="badge badge-pill badge-default">regression</span></div>
</div>
</div><div class="detail-body mt-4">
<table class="table table-sm">
  <thead><tr><th class="status-col">Status</th><th class="timestamp-col">Timestamp</th><th class="details-col">Details</th></tr></thead>
  <tbody>
      <tr class="event-row">
        <td><span class="badge log skip-bg">Skip</span></td>
        <td>10:04:12 pm</td>
        <td>
          createLoanRequest got skipped
        </td>
      </tr>
      <tr class="event-row">
        <td><span class="badge log info-bg">Info</span></td>
        <td>10:04:12 pm</td>
        <td>
          Test case failed: org.openqa.selenium.TimeoutException: Expected condition failed: waiting for base.BasePage$$Lambda/0x000002914d403a20@394c77e2 (tried for 10 second(s) with 500 milliseconds interval)
Build info: version: '4.31.0', revision: '1ef9f18787*'
System info: os.name: 'Windows 11', os.arch: 'amd64', os.version: '10.0', java.version: '21.0.3'
Driver info: driver.version: unknown
        </td>
      </tr>
  </tbody>
</table>
</div>
          </div>
        </li>
        <li class="test-item"  status="fail" test-id="22"
          author=""
          tag="regression"
          device="">
          <div class="test-detail">
            <p class="name">testCases.HRMS.SelfService.CreateLoanRequestTest</p>
            <p class="text-sm">
              <span>10:04:23 pm</span> / <span>00:00:00:186</span>
              <span class="badge fail-bg log float-right">Fail</span>
            </p>
          </div>
          <div class="test-contents d-none">
<div class="detail-head">
<div class="p-v-10">
<div class="info">
<h5 class="test-status text-fail">testCases.HRMS.SelfService.CreateLoanRequestTest</h5>
<span class='badge badge-success'>06.07.2025 10:04:23 pm</span>
<span class='badge badge-danger'>06.07.2025 10:04:23 pm</span>
<span class='badge badge-default'>00:00:00:186</span>
&middot; <span class='uri-anchor badge badge-default'>#test-id=22</span>
<span title='Skip to the next failed step' class='badge badge-danger pointer float-right ne ml-1'><i class="fa fa-fast-forward"></i></span>
<span title='Collapse all nodes' class='badge badge-default pointer float-right ct ml-1'><i class="fa fa-compress"></i></span>
<span title='Expand all nodes' class='badge badge-default pointer float-right et'><i class="fa fa-expand"></i></span>
</div>
<div class="m-t-15"><span class="badge badge-pill badge-default">regression</span></div>
</div>
</div>    <div class="row mb-3"><div class="col-md-3">
    

<img data-featherlight='D:\1. Projects\_Testing\AutomationTesting\CompanyProjects\EBS\Enfinity_HybridFramework\screenshots\createLoanRequest_20250607100423.png' src="D:\1. Projects\_Testing\AutomationTesting\CompanyProjects\EBS\Enfinity_HybridFramework\screenshots\createLoanRequest_20250607100423.png">
  
    

    </div></div>
<div class="detail-body mt-4">
<table class="table table-sm">
  <thead><tr><th class="status-col">Status</th><th class="timestamp-col">Timestamp</th><th class="details-col">Details</th></tr></thead>
  <tbody>
      <tr class="event-row">
        <td><span class="badge log fail-bg">Fail</span></td>
        <td>10:04:23 pm</td>
        <td>
          createLoanRequest got failed
        </td>
      </tr>
      <tr class="event-row">
        <td><span class="badge log info-bg">Info</span></td>
        <td>10:04:23 pm</td>
        <td>
          Test case failed: org.openqa.selenium.ElementClickInterceptedException: element click intercepted: Element <span class="dx-vam dxm-contentText">...</span> is not clickable at point (407, 25). Other element would receive the click: <div class="dx-overlay-wrapper dx-popup-wrapper dx-overlay-shader" data-bind="dxControlsDescendantBindings: true" style="z-index: 1501; position: fixed; width: 1600px; height: 713px; left: 0px; top: 0px; transform: translate(0px, 0px); transition: all; overflow: visible;">...</div>
  (Session info: chrome=137.0.7151.69)
Build info: version: '4.31.0', revision: '1ef9f18787*'
System info: os.name: 'Windows 11', os.arch: 'amd64', os.version: '10.0', java.version: '21.0.3'
Driver info: org.openqa.selenium.chrome.ChromeDriver
Command: [9e23e71a8225a63593f21735871c3635, clickElement {id=f.7C305CC9FF04D40752F5C6BA8C03001B.d.1F5031EA995CD19FFFCDDD4EFD43184B.e.277}]
Capabilities {acceptInsecureCerts: false, browserName: chrome, browserVersion: 137.0.7151.69, chrome: {chromedriverVersion: 137.0.7151.68 (2989ffee9373..., userDataDir: C:\Users\Vaibhav\AppData\Lo...}, fedcm:accounts: true, goog:chromeOptions: {debuggerAddress: localhost:63143}, networkConnectionEnabled: false, pageLoadStrategy: normal, platformName: windows, proxy: Proxy(), se:cdp: ws://localhost:63143/devtoo..., se:cdpVersion: 137.0.7151.69, setWindowRect: true, strictFileInteractability: false, timeouts: {implicit: 0, pageLoad: 300000, script: 30000}, unhandledPromptBehavior: dismiss and notify, webauthn:extension:credBlob: true, webauthn:extension:largeBlob: true, webauthn:extension:minPinLength: true, webauthn:extension:prf: true, webauthn:virtualAuthenticators: true}
Element: [[ChromeDriver: chrome on windows (9e23e71a8225a63593f21735871c3635)] -> xpath: //span[normalize-space()='Self Service']]
Session ID: 9e23e71a8225a63593f21735871c3635
        </td>
      </tr>
  </tbody>
</table>
</div>
          </div>
        </li>
        <li class="test-item"  status="skip" test-id="23"
          author=""
          tag="regression"
          device="">
          <div class="test-detail">
            <p class="name">testCases.HRMS.SelfService.VerifyRejectWorkflowTest</p>
            <p class="text-sm">
              <span>10:05:25 pm</span> / <span>00:00:00:000</span>
              <span class="badge skip-bg log float-right">Skip</span>
            </p>
          </div>
          <div class="test-contents d-none">
<div class="detail-head">
<div class="p-v-10">
<div class="info">
<h5 class="test-status text-skip">testCases.HRMS.SelfService.VerifyRejectWorkflowTest</h5>
<span class='badge badge-success'>06.07.2025 10:05:25 pm</span>
<span class='badge badge-danger'>06.07.2025 10:05:25 pm</span>
<span class='badge badge-default'>00:00:00:000</span>
&middot; <span class='uri-anchor badge badge-default'>#test-id=23</span>
<span title='Skip to the next failed step' class='badge badge-danger pointer float-right ne ml-1'><i class="fa fa-fast-forward"></i></span>
<span title='Collapse all nodes' class='badge badge-default pointer float-right ct ml-1'><i class="fa fa-compress"></i></span>
<span title='Expand all nodes' class='badge badge-default pointer float-right et'><i class="fa fa-expand"></i></span>
</div>
<div class="m-t-15"><span class="badge badge-pill badge-default">regression</span></div>
</div>
</div><div class="detail-body mt-4">
<table class="table table-sm">
  <thead><tr><th class="status-col">Status</th><th class="timestamp-col">Timestamp</th><th class="details-col">Details</th></tr></thead>
  <tbody>
      <tr class="event-row">
        <td><span class="badge log skip-bg">Skip</span></td>
        <td>10:05:25 pm</td>
        <td>
          verifyRejectWorkflow got skipped
        </td>
      </tr>
      <tr class="event-row">
        <td><span class="badge log info-bg">Info</span></td>
        <td>10:05:25 pm</td>
        <td>
          Test case failed: org.openqa.selenium.StaleElementReferenceException: stale element reference: stale element not found
  (Session info: chrome=137.0.7151.69)
For documentation on this error, please visit: https://www.selenium.dev/documentation/webdriver/troubleshooting/errors#stale-element-reference-exception
Build info: version: '4.31.0', revision: '1ef9f18787*'
System info: os.name: 'Windows 11', os.arch: 'amd64', os.version: '10.0', java.version: '21.0.3'
Driver info: org.openqa.selenium.chrome.ChromeDriver
Command: [620ced3146f09afa73eb45795e697262, clickElement {id=f.D29430216C9A8469CE665EBE33386C88.d.F94A79922940C493FF827F377BA65D2A.e.342}]
Capabilities {acceptInsecureCerts: false, browserName: chrome, browserVersion: 137.0.7151.69, chrome: {chromedriverVersion: 137.0.7151.68 (2989ffee9373..., userDataDir: C:\Users\Vaibhav\AppData\Lo...}, fedcm:accounts: true, goog:chromeOptions: {debuggerAddress: localhost:63363}, networkConnectionEnabled: false, pageLoadStrategy: normal, platformName: windows, proxy: Proxy(), se:cdp: ws://localhost:63363/devtoo..., se:cdpVersion: 137.0.7151.69, setWindowRect: true, strictFileInteractability: false, timeouts: {implicit: 0, pageLoad: 300000, script: 30000}, unhandledPromptBehavior: dismiss and notify, webauthn:extension:credBlob: true, webauthn:extension:largeBlob: true, webauthn:extension:minPinLength: true, webauthn:extension:prf: true, webauthn:virtualAuthenticators: true}
Element: [[ChromeDriver: chrome on windows (620ced3146f09afa73eb45795e697262)] -> xpath: (//input[@class='dx-texteditor-input'])[3]]
Session ID: 620ced3146f09afa73eb45795e697262
        </td>
      </tr>
  </tbody>
</table>
</div>
          </div>
        </li>
        <li class="test-item"  status="pass" test-id="24"
          author=""
          tag="regression"
          device="">
          <div class="test-detail">
            <p class="name">testCases.HRMS.SelfService.VerifyRejectWorkflowTest</p>
            <p class="text-sm">
              <span>10:06:29 pm</span> / <span>00:00:00:000</span>
              <span class="badge pass-bg log float-right">Pass</span>
            </p>
          </div>
          <div class="test-contents d-none">
<div class="detail-head">
<div class="p-v-10">
<div class="info">
<h5 class="test-status text-pass">testCases.HRMS.SelfService.VerifyRejectWorkflowTest</h5>
<span class='badge badge-success'>06.07.2025 10:06:29 pm</span>
<span class='badge badge-danger'>06.07.2025 10:06:29 pm</span>
<span class='badge badge-default'>00:00:00:000</span>
&middot; <span class='uri-anchor badge badge-default'>#test-id=24</span>
<span title='Skip to the next failed step' class='badge badge-danger pointer float-right ne ml-1'><i class="fa fa-fast-forward"></i></span>
<span title='Collapse all nodes' class='badge badge-default pointer float-right ct ml-1'><i class="fa fa-compress"></i></span>
<span title='Expand all nodes' class='badge badge-default pointer float-right et'><i class="fa fa-expand"></i></span>
</div>
<div class="m-t-15"><span class="badge badge-pill badge-default">regression</span></div>
</div>
</div><div class="detail-body mt-4">
<table class="table table-sm">
  <thead><tr><th class="status-col">Status</th><th class="timestamp-col">Timestamp</th><th class="details-col">Details</th></tr></thead>
  <tbody>
      <tr class="event-row">
        <td><span class="badge log pass-bg">Pass</span></td>
        <td>10:06:29 pm</td>
        <td>
          verifyRejectWorkflow got successfully executed
        </td>
      </tr>
  </tbody>
</table>
</div>
          </div>
        </li>
        <li class="test-item"  status="skip" test-id="25"
          author=""
          tag="regression"
          device="">
          <div class="test-detail">
            <p class="name">testCases.HRMS.SelfService.CreateSupportRequestTest</p>
            <p class="text-sm">
              <span>10:07:16 pm</span> / <span>00:00:00:000</span>
              <span class="badge skip-bg log float-right">Skip</span>
            </p>
          </div>
          <div class="test-contents d-none">
<div class="detail-head">
<div class="p-v-10">
<div class="info">
<h5 class="test-status text-skip">testCases.HRMS.SelfService.CreateSupportRequestTest</h5>
<span class='badge badge-success'>06.07.2025 10:07:16 pm</span>
<span class='badge badge-danger'>06.07.2025 10:07:16 pm</span>
<span class='badge badge-default'>00:00:00:000</span>
&middot; <span class='uri-anchor badge badge-default'>#test-id=25</span>
<span title='Skip to the next failed step' class='badge badge-danger pointer float-right ne ml-1'><i class="fa fa-fast-forward"></i></span>
<span title='Collapse all nodes' class='badge badge-default pointer float-right ct ml-1'><i class="fa fa-compress"></i></span>
<span title='Expand all nodes' class='badge badge-default pointer float-right et'><i class="fa fa-expand"></i></span>
</div>
<div class="m-t-15"><span class="badge badge-pill badge-default">regression</span></div>
</div>
</div><div class="detail-body mt-4">
<table class="table table-sm">
  <thead><tr><th class="status-col">Status</th><th class="timestamp-col">Timestamp</th><th class="details-col">Details</th></tr></thead>
  <tbody>
      <tr class="event-row">
        <td><span class="badge log skip-bg">Skip</span></td>
        <td>10:07:16 pm</td>
        <td>
          createSupportRequest got skipped
        </td>
      </tr>
      <tr class="event-row">
        <td><span class="badge log info-bg">Info</span></td>
        <td>10:07:16 pm</td>
        <td>
          Test case failed: org.openqa.selenium.TimeoutException: Expected condition failed: waiting for base.BasePage$$Lambda/0x000002914d403a20@5546a9e0 (tried for 10 second(s) with 500 milliseconds interval)
Build info: version: '4.31.0', revision: '1ef9f18787*'
System info: os.name: 'Windows 11', os.arch: 'amd64', os.version: '10.0', java.version: '21.0.3'
Driver info: driver.version: unknown
        </td>
      </tr>
  </tbody>
</table>
</div>
          </div>
        </li>
        <li class="test-item"  status="fail" test-id="26"
          author=""
          tag="regression"
          device="">
          <div class="test-detail">
            <p class="name">testCases.HRMS.SelfService.CreateSupportRequestTest</p>
            <p class="text-sm">
              <span>10:07:28 pm</span> / <span>00:00:00:183</span>
              <span class="badge fail-bg log float-right">Fail</span>
            </p>
          </div>
          <div class="test-contents d-none">
<div class="detail-head">
<div class="p-v-10">
<div class="info">
<h5 class="test-status text-fail">testCases.HRMS.SelfService.CreateSupportRequestTest</h5>
<span class='badge badge-success'>06.07.2025 10:07:28 pm</span>
<span class='badge badge-danger'>06.07.2025 10:07:28 pm</span>
<span class='badge badge-default'>00:00:00:183</span>
&middot; <span class='uri-anchor badge badge-default'>#test-id=26</span>
<span title='Skip to the next failed step' class='badge badge-danger pointer float-right ne ml-1'><i class="fa fa-fast-forward"></i></span>
<span title='Collapse all nodes' class='badge badge-default pointer float-right ct ml-1'><i class="fa fa-compress"></i></span>
<span title='Expand all nodes' class='badge badge-default pointer float-right et'><i class="fa fa-expand"></i></span>
</div>
<div class="m-t-15"><span class="badge badge-pill badge-default">regression</span></div>
</div>
</div>    <div class="row mb-3"><div class="col-md-3">
    

<img data-featherlight='D:\1. Projects\_Testing\AutomationTesting\CompanyProjects\EBS\Enfinity_HybridFramework\screenshots\createSupportRequest_20250607100728.png' src="D:\1. Projects\_Testing\AutomationTesting\CompanyProjects\EBS\Enfinity_HybridFramework\screenshots\createSupportRequest_20250607100728.png">
  
    

    </div></div>
<div class="detail-body mt-4">
<table class="table table-sm">
  <thead><tr><th class="status-col">Status</th><th class="timestamp-col">Timestamp</th><th class="details-col">Details</th></tr></thead>
  <tbody>
      <tr class="event-row">
        <td><span class="badge log fail-bg">Fail</span></td>
        <td>10:07:28 pm</td>
        <td>
          createSupportRequest got failed
        </td>
      </tr>
      <tr class="event-row">
        <td><span class="badge log info-bg">Info</span></td>
        <td>10:07:28 pm</td>
        <td>
          Test case failed: org.openqa.selenium.ElementClickInterceptedException: element click intercepted: Element <span class="dx-vam dxm-contentText">...</span> is not clickable at point (407, 25). Other element would receive the click: <div class="dx-overlay-wrapper dx-popup-wrapper create-support-request-popup dx-overlay-shader" data-bind="dxControlsDescendantBindings: true" style="z-index: 1501; position: fixed; width: 1600px; height: 713px; left: 0px; top: 0px; transform: translate(0px, 0px); transition: all; overflow: visible;">...</div>
  (Session info: chrome=137.0.7151.69)
Build info: version: '4.31.0', revision: '1ef9f18787*'
System info: os.name: 'Windows 11', os.arch: 'amd64', os.version: '10.0', java.version: '21.0.3'
Driver info: org.openqa.selenium.chrome.ChromeDriver
Command: [28f1d25ee87e1c15906b190be66c806b, clickElement {id=f.E1D0A844CF7A045CCEC031F087DC0BDF.d.1FCC102D2997225AEB6431FBC0625887.e.279}]
Capabilities {acceptInsecureCerts: false, browserName: chrome, browserVersion: 137.0.7151.69, chrome: {chromedriverVersion: 137.0.7151.68 (2989ffee9373..., userDataDir: C:\Users\Vaibhav\AppData\Lo...}, fedcm:accounts: true, goog:chromeOptions: {debuggerAddress: localhost:63764}, networkConnectionEnabled: false, pageLoadStrategy: normal, platformName: windows, proxy: Proxy(), se:cdp: ws://localhost:63764/devtoo..., se:cdpVersion: 137.0.7151.69, setWindowRect: true, strictFileInteractability: false, timeouts: {implicit: 0, pageLoad: 300000, script: 30000}, unhandledPromptBehavior: dismiss and notify, webauthn:extension:credBlob: true, webauthn:extension:largeBlob: true, webauthn:extension:minPinLength: true, webauthn:extension:prf: true, webauthn:virtualAuthenticators: true}
Element: [[ChromeDriver: chrome on windows (28f1d25ee87e1c15906b190be66c806b)] -> xpath: //span[normalize-space()='Self Service']]
Session ID: 28f1d25ee87e1c15906b190be66c806b
        </td>
      </tr>
  </tbody>
</table>
</div>
          </div>
        </li>
        <li class="test-item"  status="skip" test-id="27"
          author=""
          tag="regression"
          device="">
          <div class="test-detail">
            <p class="name">testCases.HRMS.Payroll.CreateLeaveTest</p>
            <p class="text-sm">
              <span>10:08:43 pm</span> / <span>00:00:00:000</span>
              <span class="badge skip-bg log float-right">Skip</span>
            </p>
          </div>
          <div class="test-contents d-none">
<div class="detail-head">
<div class="p-v-10">
<div class="info">
<h5 class="test-status text-skip">testCases.HRMS.Payroll.CreateLeaveTest</h5>
<span class='badge badge-success'>06.07.2025 10:08:43 pm</span>
<span class='badge badge-danger'>06.07.2025 10:08:43 pm</span>
<span class='badge badge-default'>00:00:00:000</span>
&middot; <span class='uri-anchor badge badge-default'>#test-id=27</span>
<span title='Skip to the next failed step' class='badge badge-danger pointer float-right ne ml-1'><i class="fa fa-fast-forward"></i></span>
<span title='Collapse all nodes' class='badge badge-default pointer float-right ct ml-1'><i class="fa fa-compress"></i></span>
<span title='Expand all nodes' class='badge badge-default pointer float-right et'><i class="fa fa-expand"></i></span>
</div>
<div class="m-t-15"><span class="badge badge-pill badge-default">regression</span></div>
</div>
</div><div class="detail-body mt-4">
<table class="table table-sm">
  <thead><tr><th class="status-col">Status</th><th class="timestamp-col">Timestamp</th><th class="details-col">Details</th></tr></thead>
  <tbody>
      <tr class="event-row">
        <td><span class="badge log skip-bg">Skip</span></td>
        <td>10:08:43 pm</td>
        <td>
          createLeave got skipped
        </td>
      </tr>
      <tr class="event-row">
        <td><span class="badge log info-bg">Info</span></td>
        <td>10:08:43 pm</td>
        <td>
          Test case failed: org.openqa.selenium.TimeoutException: Expected condition failed: waiting for base.BasePage$$Lambda/0x000002914d3f7310@47cf41d7 (tried for 10 second(s) with 500 milliseconds interval)
Build info: version: '4.31.0', revision: '1ef9f18787*'
System info: os.name: 'Windows 11', os.arch: 'amd64', os.version: '10.0', java.version: '21.0.3'
Driver info: driver.version: unknown
        </td>
      </tr>
  </tbody>
</table>
</div>
          </div>
        </li>
        <li class="test-item"  status="fail" test-id="28"
          author=""
          tag="regression"
          device="">
          <div class="test-detail">
            <p class="name">testCases.HRMS.Payroll.CreateLeaveTest</p>
            <p class="text-sm">
              <span>10:09:03 pm</span> / <span>00:00:00:140</span>
              <span class="badge fail-bg log float-right">Fail</span>
            </p>
          </div>
          <div class="test-contents d-none">
<div class="detail-head">
<div class="p-v-10">
<div class="info">
<h5 class="test-status text-fail">testCases.HRMS.Payroll.CreateLeaveTest</h5>
<span class='badge badge-success'>06.07.2025 10:09:03 pm</span>
<span class='badge badge-danger'>06.07.2025 10:09:03 pm</span>
<span class='badge badge-default'>00:00:00:140</span>
&middot; <span class='uri-anchor badge badge-default'>#test-id=28</span>
<span title='Skip to the next failed step' class='badge badge-danger pointer float-right ne ml-1'><i class="fa fa-fast-forward"></i></span>
<span title='Collapse all nodes' class='badge badge-default pointer float-right ct ml-1'><i class="fa fa-compress"></i></span>
<span title='Expand all nodes' class='badge badge-default pointer float-right et'><i class="fa fa-expand"></i></span>
</div>
<div class="m-t-15"><span class="badge badge-pill badge-default">regression</span></div>
</div>
</div>    <div class="row mb-3"><div class="col-md-3">
    

<img data-featherlight='D:\1. Projects\_Testing\AutomationTesting\CompanyProjects\EBS\Enfinity_HybridFramework\screenshots\createLeave_20250607100903.png' src="D:\1. Projects\_Testing\AutomationTesting\CompanyProjects\EBS\Enfinity_HybridFramework\screenshots\createLeave_20250607100903.png">
  
    

    </div></div>
<div class="detail-body mt-4">
<table class="table table-sm">
  <thead><tr><th class="status-col">Status</th><th class="timestamp-col">Timestamp</th><th class="details-col">Details</th></tr></thead>
  <tbody>
      <tr class="event-row">
        <td><span class="badge log fail-bg">Fail</span></td>
        <td>10:09:03 pm</td>
        <td>
          createLeave got failed
        </td>
      </tr>
      <tr class="event-row">
        <td><span class="badge log info-bg">Info</span></td>
        <td>10:09:03 pm</td>
        <td>
          Test case failed: org.openqa.selenium.ElementNotInteractableException: element not interactable
  (Session info: chrome=137.0.7151.69)
Build info: version: '4.31.0', revision: '1ef9f18787*'
System info: os.name: 'Windows 11', os.arch: 'amd64', os.version: '10.0', java.version: '21.0.3'
Driver info: org.openqa.selenium.chrome.ChromeDriver
Command: [a8eb1b25d05e334282a15d2be584886b, clickElement {id=f.AA925E48CE88FD0E8E74AE0D8656E1CD.d.7C02A2F115E7A330BC8C43813ACD3BD3.e.516}]
Capabilities {acceptInsecureCerts: false, browserName: chrome, browserVersion: 137.0.7151.69, chrome: {chromedriverVersion: 137.0.7151.68 (2989ffee9373..., userDataDir: C:\Users\Vaibhav\AppData\Lo...}, fedcm:accounts: true, goog:chromeOptions: {debuggerAddress: localhost:63949}, networkConnectionEnabled: false, pageLoadStrategy: normal, platformName: windows, proxy: Proxy(), se:cdp: ws://localhost:63949/devtoo..., se:cdpVersion: 137.0.7151.69, setWindowRect: true, strictFileInteractability: false, timeouts: {implicit: 0, pageLoad: 300000, script: 30000}, unhandledPromptBehavior: dismiss and notify, webauthn:extension:credBlob: true, webauthn:extension:largeBlob: true, webauthn:extension:minPinLength: true, webauthn:extension:prf: true, webauthn:virtualAuthenticators: true}
Element: [[ChromeDriver: chrome on windows (a8eb1b25d05e334282a15d2be584886b)] -> xpath: //span[@class='dxnb-ghtext']]
Session ID: a8eb1b25d05e334282a15d2be584886b
        </td>
      </tr>
  </tbody>
</table>
</div>
          </div>
        </li>
      </ul>
    </div>
  </div>
<div class="test-content scrollable">
<div class="test-content-tools">
<ul><li><a class="back-to-test" href="#"><i class="fa fa-arrow-left"></i></a></li></ul>
</div>
<div class="test-content-detail"><div class="detail-body"></div></div>
</div></div>
<div class="test-wrapper row view category-view attributes-view">
<div class="test-list">
<div class="test-list-tools">
<ul class="tools pull-left"><li><a href=""><span class="font-size-14">Category</span></a></li></ul>
<ul class="tools text-right"><li><a href="#"><span class="badge badge-primary">1</span></a></li></ul>
</div>
<div class="test-list-wrapper scrollable">
<ul class="test-list-item">
<li class="test-item">
<div class="test-detail">
<span class="meta">
<span class='badge log pass-bg'>7</span>
<span class='badge log badge-danger'>10</span>
<span class='badge log badge-skip'>11</span>
</span>
<p class="name">regression</p>
<p class="duration text-sm">28 tests</p>
</div>
<div class="test-contents d-none">
<div class="info">
<h4>regression</h4>
<span status="pass" class='badge log pass-bg'>7 passed</span>
<span status="fail" class='badge log badge-danger'>10 failed</span>
<span status="skip" class='badge log badge-skip'>11 skipped</span>
</div>
<table class='table table-sm mt-4'>
<thead>
<tr>
<th class="status-col">Status</th>
<th class="timestamp-col">Timestamp</th>
<th>TestName</th>
</tr>
</thead>
<tbody>
<tr class="tag-test-status" status="skip">
<td><span class="badge log skip-bg">Skip</span></td>
<td>21:49:03 pm</td>
<td>
<a href="#" class="linked" test-id='1' id='1'>testCases.HRMS.SelfService.DeleteITSupportRequestTest</a>
</td>
</tr>
<tr class="tag-test-status" status="fail">
<td><span class="badge log fail-bg">Fail</span></td>
<td>21:49:31 pm</td>
<td>
<a href="#" class="linked" test-id='2' id='2'>testCases.HRMS.SelfService.DeleteITSupportRequestTest</a>
</td>
</tr>
<tr class="tag-test-status" status="skip">
<td><span class="badge log skip-bg">Skip</span></td>
<td>21:50:28 pm</td>
<td>
<a href="#" class="linked" test-id='3' id='3'>testCases.HRMS.SelfService.VerifyReviseWorkflowTest</a>
</td>
</tr>
<tr class="tag-test-status" status="fail">
<td><span class="badge log fail-bg">Fail</span></td>
<td>21:51:37 pm</td>
<td>
<a href="#" class="linked" test-id='4' id='4'>testCases.HRMS.SelfService.VerifyReviseWorkflowTest</a>
</td>
</tr>
<tr class="tag-test-status" status="pass">
<td><span class="badge log pass-bg">Pass</span></td>
<td>21:52:59 pm</td>
<td>
<a href="#" class="linked" test-id='5' id='5'>testCases.HRMS.SelfService.VerifyApproveWorkflowTest</a>
</td>
</tr>
<tr class="tag-test-status" status="skip">
<td><span class="badge log skip-bg">Skip</span></td>
<td>21:53:27 pm</td>
<td>
<a href="#" class="linked" test-id='6' id='6'>testCases.HRMS.SelfService.DeleteTimeOffTest</a>
</td>
</tr>
<tr class="tag-test-status" status="fail">
<td><span class="badge log fail-bg">Fail</span></td>
<td>21:53:37 pm</td>
<td>
<a href="#" class="linked" test-id='7' id='7'>testCases.HRMS.SelfService.DeleteTimeOffTest</a>
</td>
</tr>
<tr class="tag-test-status" status="pass">
<td><span class="badge log pass-bg">Pass</span></td>
<td>21:54:55 pm</td>
<td>
<a href="#" class="linked" test-id='8' id='8'>testCases.HRMS.Payroll.CreateLeaveOpeningBalanceTest</a>
</td>
</tr>
<tr class="tag-test-status" status="skip">
<td><span class="badge log skip-bg">Skip</span></td>
<td>21:55:24 pm</td>
<td>
<a href="#" class="linked" test-id='9' id='9'>testCases.HRMS.HRCore.CreateEmployeeTest</a>
</td>
</tr>
<tr class="tag-test-status" status="fail">
<td><span class="badge log fail-bg">Fail</span></td>
<td>21:55:34 pm</td>
<td>
<a href="#" class="linked" test-id='10' id='10'>testCases.HRMS.HRCore.CreateEmployeeTest</a>
</td>
</tr>
<tr class="tag-test-status" status="pass">
<td><span class="badge log pass-bg">Pass</span></td>
<td>21:56:30 pm</td>
<td>
<a href="#" class="linked" test-id='11' id='11'>testCases.HRMS.SelfService.CreateLeaveRequestTest</a>
</td>
</tr>
<tr class="tag-test-status" status="pass">
<td><span class="badge log pass-bg">Pass</span></td>
<td>21:57:14 pm</td>
<td>
<a href="#" class="linked" test-id='12' id='12'>testCases.HRMS.SelfService.DeleteLeaveRequestTest</a>
</td>
</tr>
<tr class="tag-test-status" status="skip">
<td><span class="badge log skip-bg">Skip</span></td>
<td>21:57:59 pm</td>
<td>
<a href="#" class="linked" test-id='13' id='13'>testCases.HRMS.SelfService.DeleteLoanRequestTest</a>
</td>
</tr>
<tr class="tag-test-status" status="fail">
<td><span class="badge log fail-bg">Fail</span></td>
<td>21:58:25 pm</td>
<td>
<a href="#" class="linked" test-id='14' id='14'>testCases.HRMS.SelfService.DeleteLoanRequestTest</a>
</td>
</tr>
<tr class="tag-test-status" status="skip">
<td><span class="badge log skip-bg">Skip</span></td>
<td>21:59:14 pm</td>
<td>
<a href="#" class="linked" test-id='15' id='15'>testCases.HRMS.SelfService.DeleteSupportReqCategoryTest</a>
</td>
</tr>
<tr class="tag-test-status" status="fail">
<td><span class="badge log fail-bg">Fail</span></td>
<td>21:59:40 pm</td>
<td>
<a href="#" class="linked" test-id='16' id='16'>testCases.HRMS.SelfService.DeleteSupportReqCategoryTest</a>
</td>
</tr>
<tr class="tag-test-status" status="pass">
<td><span class="badge log pass-bg">Pass</span></td>
<td>22:00:55 pm</td>
<td>
<a href="#" class="linked" test-id='17' id='17'>testCases.HRMS.Payroll.DeleteLeaveOpeningBalanceTest</a>
</td>
</tr>
<tr class="tag-test-status" status="pass">
<td><span class="badge log pass-bg">Pass</span></td>
<td>22:01:56 pm</td>
<td>
<a href="#" class="linked" test-id='18' id='18'>testCases.HRMS.Attendance.CreateRosterTest</a>
</td>
</tr>
<tr class="tag-test-status" status="skip">
<td><span class="badge log skip-bg">Skip</span></td>
<td>22:02:49 pm</td>
<td>
<a href="#" class="linked" test-id='19' id='19'>testCases.HRMS.Payroll.DeleteLeaveTest</a>
</td>
</tr>
<tr class="tag-test-status" status="fail">
<td><span class="badge log fail-bg">Fail</span></td>
<td>22:03:15 pm</td>
<td>
<a href="#" class="linked" test-id='20' id='20'>testCases.HRMS.Payroll.DeleteLeaveTest</a>
</td>
</tr>
<tr class="tag-test-status" status="skip">
<td><span class="badge log skip-bg">Skip</span></td>
<td>22:04:12 pm</td>
<td>
<a href="#" class="linked" test-id='21' id='21'>testCases.HRMS.SelfService.CreateLoanRequestTest</a>
</td>
</tr>
<tr class="tag-test-status" status="fail">
<td><span class="badge log fail-bg">Fail</span></td>
<td>22:04:23 pm</td>
<td>
<a href="#" class="linked" test-id='22' id='22'>testCases.HRMS.SelfService.CreateLoanRequestTest</a>
</td>
</tr>
<tr class="tag-test-status" status="skip">
<td><span class="badge log skip-bg">Skip</span></td>
<td>22:05:25 pm</td>
<td>
<a href="#" class="linked" test-id='23' id='23'>testCases.HRMS.SelfService.VerifyRejectWorkflowTest</a>
</td>
</tr>
<tr class="tag-test-status" status="pass">
<td><span class="badge log pass-bg">Pass</span></td>
<td>22:06:29 pm</td>
<td>
<a href="#" class="linked" test-id='24' id='24'>testCases.HRMS.SelfService.VerifyRejectWorkflowTest</a>
</td>
</tr>
<tr class="tag-test-status" status="skip">
<td><span class="badge log skip-bg">Skip</span></td>
<td>22:07:16 pm</td>
<td>
<a href="#" class="linked" test-id='25' id='25'>testCases.HRMS.SelfService.CreateSupportRequestTest</a>
</td>
</tr>
<tr class="tag-test-status" status="fail">
<td><span class="badge log fail-bg">Fail</span></td>
<td>22:07:28 pm</td>
<td>
<a href="#" class="linked" test-id='26' id='26'>testCases.HRMS.SelfService.CreateSupportRequestTest</a>
</td>
</tr>
<tr class="tag-test-status" status="skip">
<td><span class="badge log skip-bg">Skip</span></td>
<td>22:08:43 pm</td>
<td>
<a href="#" class="linked" test-id='27' id='27'>testCases.HRMS.Payroll.CreateLeaveTest</a>
</td>
</tr>
<tr class="tag-test-status" status="fail">
<td><span class="badge log fail-bg">Fail</span></td>
<td>22:09:03 pm</td>
<td>
<a href="#" class="linked" test-id='28' id='28'>testCases.HRMS.Payroll.CreateLeaveTest</a>
</td>
</tr>
</tbody>
</table>
</div>
</li>
</ul>
</div>
</div>
<div class="test-content scrollable">
<div class="test-content-detail">
<div class="detail-body"></div>
</div>
</div>
</div><div class="container-fluid p-4 view dashboard-view">
<div class="row">
<div class="col-md-3">
<div class="card"><div class="card-body">
<p class="m-b-0">Started</p>
<h3>Jun 7, 2025 09:48:16 pm</h3>
</div></div>
</div>
<div class="col-md-3">
<div class="card"><div class="card-body">
<p class="m-b-0">Ended</p>
<h3>Jun 7, 2025 10:09:03 pm</h3>
</div></div>
</div>
<div class="col-md-3">
<div class="card"><div class="card-body">
<p class="m-b-0 text-pass">Tests Passed</p>
<h3>7</h3>
</div></div>
</div>
<div class="col-md-3">
<div class="card"><div class="card-body">
<p class="m-b-0 text-fail">Tests Failed</p>
<h3>10</h3>
</div></div>
</div>
</div>
<div class="row">
<div class="col-md-6">
<div class="card">
<div class="card-header">
<h6 class="card-title">Tests</h6>
</div>
<div class="card-body">
<div class="">
<canvas id='parent-analysis' width='115' height='90'></canvas>
</div>
</div>
<div class="card-footer">
<div><small data-tooltip='25%'>
<b>7</b> tests passed
</small>
</div>
<div>
<small data-tooltip='35%'><b>10</b> tests failed,
<b>11</b> skipped, <b data-tooltip='0%'>0</b> others
</small>
</div>
</div>
</div>
</div>
<div class="col-md-6">
<div class="card">
<div class="card-header">
<h6 class="card-title">Log events</h6>
</div>
<div class="card-body">
<div class="">
<canvas id='events-analysis' width='115' height='90'></canvas>
</div>
</div>
<div class="card-footer">
<div><small data-tooltip='14%'><b>7</b> events passed</small></div>
<div>
<small data-tooltip='20%'><b>10</b> events failed,
<b data-tooltip='%'>32</b> others
</small>
</div>
</div>
</div>
</div>
</div>
<div class="row"><div class="col-md-12">
<div class="card"><div class="card-header"><p>Timeline</p></div>
<div class="card-body pt-0"><div>
<canvas id="timeline" height="120"></canvas>
</div></div>
</div>
</div></div>
<script>
var timeline = {
"testCases.HRMS.SelfService.DeleteITSupportRequestTest":0.017,"testCases.HRMS.SelfService.DeleteITSupportRequestTest":0.154,"testCases.HRMS.SelfService.VerifyReviseWorkflowTest":0,"testCases.HRMS.SelfService.VerifyReviseWorkflowTest":0.133,"testCases.HRMS.SelfService.VerifyApproveWorkflowTest":0.001,"testCases.HRMS.SelfService.DeleteTimeOffTest":0,"testCases.HRMS.SelfService.DeleteTimeOffTest":0.127,"testCases.HRMS.Payroll.CreateLeaveOpeningBalanceTest":0,"testCases.HRMS.HRCore.CreateEmployeeTest":0,"testCases.HRMS.HRCore.CreateEmployeeTest":0.133,"testCases.HRMS.SelfService.CreateLeaveRequestTest":0,"testCases.HRMS.SelfService.DeleteLeaveRequestTest":0,"testCases.HRMS.SelfService.DeleteLoanRequestTest":0,"testCases.HRMS.SelfService.DeleteLoanRequestTest":0.117,"testCases.HRMS.SelfService.DeleteSupportReqCategoryTest":0.001,"testCases.HRMS.SelfService.DeleteSupportReqCategoryTest":0.147,"testCases.HRMS.Payroll.DeleteLeaveOpeningBalanceTest":0.001,"testCases.HRMS.Attendance.CreateRosterTest":0,"testCases.HRMS.Payroll.DeleteLeaveTest":0.001,"testCases.HRMS.Payroll.DeleteLeaveTest":0.192,"testCases.HRMS.SelfService.CreateLoanRequestTest":0.002,"testCases.HRMS.SelfService.CreateLoanRequestTest":0.186,"testCases.HRMS.SelfService.VerifyRejectWorkflowTest":0,"testCases.HRMS.SelfService.VerifyRejectWorkflowTest":0,"testCases.HRMS.SelfService.CreateSupportRequestTest":0,"testCases.HRMS.SelfService.CreateSupportRequestTest":0.183,"testCases.HRMS.Payroll.CreateLeaveTest":0,"testCases.HRMS.Payroll.CreateLeaveTest":0.14
};
</script>
<div class="row">
<div class="col-lg-6 col-md-12 category-container">
<div class="card">
<div class="card-header"><p>Tags</p></div>
<div class="card-body pb-0 pt-0"><table class="table table-sm table-bordered">
<thead><tr class="bg-gray"><th>Name</th><th>Passed</th><th>Failed</th><th>Skipped</th><th>Others</th><th>Passed %</th></tr></thead><tbody>
<tr>
<td>regression</td>
<td>7</td>
<td>10</td>
<td>11</td>
<td>0</td>
<td>25%</td>
</tr>
</tbody>
</table></div>
</div>
</div>
<div class="col-lg-6 col-md-12 sysenv-container">
<div class="card">
<div class="card-header"><p>System/Environment</p></div>
<div class="card-body pb-0 pt-0"><table class="table table-sm table-bordered">
<thead><tr class="bg-gray"><th>Name</th><th>Value</th></tr></thead>
<tbody>
<tr>
<td>Automation Engineer (SDET)</td>
<td>Vaibhav Chavan</td>
</tr>
<tr>
<td>Application</td>
<td>Enfinity HRMS</td>
</tr>
<tr>
<td>Module</td>
<td>HRCore</td>
</tr>
<tr>
<td>Environemnt</td>
<td>QA</td>
</tr>
<tr>
<td>Operating System</td>
<td>windows</td>
</tr>
<tr>
<td>Browser</td>
<td>chrome</td>
</tr>
<tr>
<td>Groups</td>
<td>[regression, datadriven]</td>
</tr>
</tbody>
</table></div>
</div>
</div>
</div>
</div>
<script>
var statusGroup = {
parentCount: 5,
passParent: 7,
failParent: 10,
warningParent: 0,
skipParent: 11,
childCount: 5,
passChild: 0,
failChild: 0,
warningChild: 0,
skipChild: 0,
infoChild: 0,
grandChildCount: 5,
passGrandChild: 0,
failGrandChild: 0,
warningGrandChild: 0,
skipGrandChild: 0,
infoGrandChild: 0,
eventsCount: 5,
passEvents: 7,
failEvents: 10,
warningEvents: 0,
skipEvents: 11,
infoEvents: 21
};
</script>        </div>
      </div>
    </div>
  </div>
<script src="https://cdn.jsdelivr.net/gh/extent-framework/extent-github-cdn@c05cd28cde1617b9d0c05a831daff6cb97fd9fd5/spark/js/spark-script.js"></script>
<script type="text/javascript"></script></body>
</html>