<?xml version="1.0" encoding="UTF-8"?>
<!-- Generated by org.testng.reporters.JUnitXMLReporter -->
<testsuite ignored="1" hostname="Vaibhav-HP" failures="1" tests="14" name="Sequential Cross Browser(edge) Tests" time="757.613" errors="0" timestamp="2024-10-25T22:41:35 IST">
  <testcase classname="testCases.TC_LicensesTest" name="verifyLicenses" time="16.173"/>
  <testcase classname="testCases.TC_DelegationTest" name="verifyDelegation" time="8.972"/>
  <testcase classname="testCases.TC_AssetIssueTest" name="verifyAssetIssue" time="22.814"/>
  <testcase classname="testCases.TC_BudgetTest" name="verifyBudget" time="12.327">
    <failure type="java.lang.AssertionError" message="Test case failed: org.openqa.selenium.NoSuchElementException: no such element: Unable to locate element: {&amp;quot;method&amp;quot;:&amp;quot;xpath&amp;quot;,&amp;quot;selector&amp;quot;:&amp;quot;//span[normalize-space()=&amp;apos;Budget&amp;apos;]&amp;quot;}
  (Session info: MicrosoftEdge=130.0.2849.52)
For documentation on this error, please visit: https://www.selenium.dev/documentation/webdriver/troubleshooting/errors#no-such-element-exception
Build info: version: &amp;apos;4.25.0&amp;apos;, revision: &amp;apos;8a8aea2337&amp;apos;
System info: os.name: &amp;apos;Windows 11&amp;apos;, os.arch: &amp;apos;amd64&amp;apos;, os.version: &amp;apos;10.0&amp;apos;, java.version: &amp;apos;22&amp;apos;
Driver info: org.openqa.selenium.edge.EdgeDriver
Command: [f13a3de292a6d79954f86822ead72514, findElement {value=//span[normalize-space()=&amp;apos;Budget&amp;apos;], using=xpath}]
Capabilities {acceptInsecureCerts: false, browserName: MicrosoftEdge, browserVersion: 130.0.2849.52, fedcm:accounts: true, ms:edgeOptions: {debuggerAddress: localhost:49928}, msedge: {msedgedriverVersion: 130.0.2849.56 (85245383cd01..., userDataDir: C:\Users\Vaibhav\AppData\Lo...}, networkConnectionEnabled: false, pageLoadStrategy: normal, platformName: windows, proxy: Proxy(), se:cdp: ws://localhost:49928/devtoo..., se:cdpVersion: 130.0.2849.52, setWindowRect: true, strictFileInteractability: false, timeouts: {implicit: 0, pageLoad: 300000, script: 30000}, unhandledPromptBehavior: dismiss and notify, webauthn:extension:credBlob: true, webauthn:extension:largeBlob: true, webauthn:extension:minPinLength: true, webauthn:extension:prf: true, webauthn:virtualAuthenticators: true}
Session ID: f13a3de292a6d79954f86822ead72514">
      <![CDATA[java.lang.AssertionError: Test case failed: org.openqa.selenium.NoSuchElementException: no such element: Unable to locate element: {"method":"xpath","selector":"//span[normalize-space()='Budget']"}
  (Session info: MicrosoftEdge=130.0.2849.52)
For documentation on this error, please visit: https://www.selenium.dev/documentation/webdriver/troubleshooting/errors#no-such-element-exception
Build info: version: '4.25.0', revision: '8a8aea2337'
System info: os.name: 'Windows 11', os.arch: 'amd64', os.version: '10.0', java.version: '22'
Driver info: org.openqa.selenium.edge.EdgeDriver
Command: [f13a3de292a6d79954f86822ead72514, findElement {value=//span[normalize-space()='Budget'], using=xpath}]
Capabilities {acceptInsecureCerts: false, browserName: MicrosoftEdge, browserVersion: 130.0.2849.52, fedcm:accounts: true, ms:edgeOptions: {debuggerAddress: localhost:49928}, msedge: {msedgedriverVersion: 130.0.2849.56 (85245383cd01..., userDataDir: C:\Users\Vaibhav\AppData\Lo...}, networkConnectionEnabled: false, pageLoadStrategy: normal, platformName: windows, proxy: Proxy(), se:cdp: ws://localhost:49928/devtoo..., se:cdpVersion: 130.0.2849.52, setWindowRect: true, strictFileInteractability: false, timeouts: {implicit: 0, pageLoad: 300000, script: 30000}, unhandledPromptBehavior: dismiss and notify, webauthn:extension:credBlob: true, webauthn:extension:largeBlob: true, webauthn:extension:minPinLength: true, webauthn:extension:prf: true, webauthn:virtualAuthenticators: true}
Session ID: f13a3de292a6d79954f86822ead72514
at testCases.TC_BudgetTest.verifyBudget(TC_BudgetTest.java:51)
at java.base/java.util.ArrayList.forEach(ArrayList.java:1597)
... Removed 26 stack frames]]>
    </failure>
  </testcase> <!-- verifyBudget -->
  <testcase classname="testCases.TC_DocumentTypeTest" name="verifyDocType" time="10.402"/>
  <testcase classname="testCases.TC_QualificationTest" name="verifyQualification" time="13.933"/>
  <testcase classname="testCases.TC_BankTest" name="verifyBank" time="13.194"/>
  <testcase classname="testCases.TC_WorkLocationTest" name="verifyWorkLocation" time="14.742"/>
  <testcase classname="testCases.TC_ReligionTest" name="verifyReligion" time="14.361"/>
  <testcase classname="testCases.TC_CalendarTest" name="verifyCalendar" time="24.421"/>
  <testcase classname="testCases.TC_GradeTest" name="verifyGrade" time="16.866"/>
  <testcase classname="testCases.TC_DesignationTest" name="verifyDesignation" time="13.444"/>
  <testcase classname="testCases.TC_DeptTest" name="verifyDept" time="15.187"/>
  <testcase classname="testCases.TC_EmployeeTest" name="verifyEmpCreation" time="13.733"/>
  <testcase classname="testCases.TC_LoginTest" name="verify_login" time="0.0">
    <ignored/>
  </testcase> <!-- verify_login -->
</testsuite> <!-- Sequential Cross Browser(edge) Tests -->
