<html>
<head>
<title>TestNG:  Sequential Cross Browser(edge) Tests</title>
<link href="../testng.css" rel="stylesheet" type="text/css" />
<link href="../my-testng.css" rel="stylesheet" type="text/css" />

<style type="text/css">
.log { display: none;} 
.stack-trace { display: none;} 
</style>
<script type="text/javascript">
<!--
function flip(e) {
  current = e.style.display;
  if (current == 'block') {
    e.style.display = 'none';
    return 0;
  }
  else {
    e.style.display = 'block';
    return 1;
  }
}

function toggleBox(szDivId, elem, msg1, msg2)
{
  var res = -1;  if (document.getElementById) {
    res = flip(document.getElementById(szDivId));
  }
  else if (document.all) {
    // this is the way old msie versions work
    res = flip(document.all[szDivId]);
  }
  if(elem) {
    if(res == 0) elem.innerHTML = msg1; else elem.innerHTML = msg2;
  }

}

function toggleAllBoxes() {
  if (document.getElementsByTagName) {
    d = document.getElementsByTagName('div');
    for (i = 0; i < d.length; i++) {
      if (d[i].className == 'log') {
        flip(d[i]);
      }
    }
  }
}

// -->
</script>

</head>
<body>
<h2 align='center'>Sequential Cross Browser(edge) Tests</h2><table border='1' align="center">
<tr>
<td>Tests passed/Failed/Skipped:</td><td>13/1/0</td>
</tr><tr>
<td>Started on:</td><td>Fri Oct 25 22:28:56 IST 2024</td>
</tr>
<tr><td>Total time:</td><td>757 seconds (757613 ms)</td>
</tr><tr>
<td>Included groups:</td><td>datadriven regression </td>
</tr><tr>
<td>Excluded groups:</td><td></td>
</tr>
</table><p/>
<small><i>(Hover the method name to see the test class name)</i></small><p/>
<table width='100%' border='1' class='invocation-failed'>
<tr><td colspan='4' align='center'><b>FAILED TESTS</b></td></tr>
<tr><td><b>Test method</b></td>
<td><b>Attribute(s)</b></td>
<td width="30%"><b>Exception</b></td>
<td width="10%"><b>Time (seconds)</b></td>
<td><b>Instance</b></td>
</tr>
<tr>
<td title='testCases.TC_BudgetTest.verifyBudget()'><b>verifyBudget</b><br>Test class: testCases.TC_BudgetTest</td>
<td><div><pre>java.lang.AssertionError: Test case failed: org.openqa.selenium.NoSuchElementException: no such element: Unable to locate element: {&quot;method&quot;:&quot;xpath&quot;,&quot;selector&quot;:&quot;//span[normalize-space()=&apos;Budget&apos;]&quot;}
  (Session info: MicrosoftEdge=130.0.2849.52)
For documentation on this error, please visit: https://www.selenium.dev/documentation/webdriver/troubleshooting/errors#no-such-element-exception
Build info: version: &apos;4.25.0&apos;, revision: &apos;8a8aea2337&apos;
System info: os.name: &apos;Windows 11&apos;, os.arch: &apos;amd64&apos;, os.version: &apos;10.0&apos;, java.version: &apos;22&apos;
Driver info: org.openqa.selenium.edge.EdgeDriver
Command: [f13a3de292a6d79954f86822ead72514, findElement {value=//span[normalize-space()=&apos;Budget&apos;], using=xpath}]
Capabilities {acceptInsecureCerts: false, browserName: MicrosoftEdge, browserVersion: 130.0.2849.52, fedcm:accounts: true, ms:edgeOptions: {debuggerAddress: localhost:49928}, msedge: {msedgedriverVersion: 130.0.2849.56 (85245383cd01..., userDataDir: C:\Users\Vaibhav\AppData\Lo...}, networkConnectionEnabled: false, pageLoadStrategy: normal, platformName: windows, proxy: Proxy(), se:cdp: ws://localhost:49928/devtoo..., se:cdpVersion: 130.0.2849.52, setWindowRect: true, strictFileInteractability: false, timeouts: {implicit: 0, pageLoad: 300000, script: 30000}, unhandledPromptBehavior: dismiss and notify, webauthn:extension:credBlob: true, webauthn:extension:largeBlob: true, webauthn:extension:minPinLength: true, webauthn:extension:prf: true, webauthn:virtualAuthenticators: true}
Session ID: f13a3de292a6d79954f86822ead72514
	at testCases.TC_BudgetTest.verifyBudget(TC_BudgetTest.java:51)
	at java.base/java.util.ArrayList.forEach(ArrayList.java:1597)
... Removed 26 stack frames</pre></div><a href='#' onClick='toggleBox("stack-trace1157624710", this, "Click to show all stack frames", "Click to hide stack frames")'>Click to show all stack frames</a>
<div class='stack-trace' id='stack-trace1157624710'><pre>java.lang.AssertionError: Test case failed: org.openqa.selenium.NoSuchElementException: no such element: Unable to locate element: {&quot;method&quot;:&quot;xpath&quot;,&quot;selector&quot;:&quot;//span[normalize-space()=&apos;Budget&apos;]&quot;}
  (Session info: MicrosoftEdge=130.0.2849.52)
For documentation on this error, please visit: https://www.selenium.dev/documentation/webdriver/troubleshooting/errors#no-such-element-exception
Build info: version: &apos;4.25.0&apos;, revision: &apos;8a8aea2337&apos;
System info: os.name: &apos;Windows 11&apos;, os.arch: &apos;amd64&apos;, os.version: &apos;10.0&apos;, java.version: &apos;22&apos;
Driver info: org.openqa.selenium.edge.EdgeDriver
Command: [f13a3de292a6d79954f86822ead72514, findElement {value=//span[normalize-space()=&apos;Budget&apos;], using=xpath}]
Capabilities {acceptInsecureCerts: false, browserName: MicrosoftEdge, browserVersion: 130.0.2849.52, fedcm:accounts: true, ms:edgeOptions: {debuggerAddress: localhost:49928}, msedge: {msedgedriverVersion: 130.0.2849.56 (85245383cd01..., userDataDir: C:\Users\Vaibhav\AppData\Lo...}, networkConnectionEnabled: false, pageLoadStrategy: normal, platformName: windows, proxy: Proxy(), se:cdp: ws://localhost:49928/devtoo..., se:cdpVersion: 130.0.2849.52, setWindowRect: true, strictFileInteractability: false, timeouts: {implicit: 0, pageLoad: 300000, script: 30000}, unhandledPromptBehavior: dismiss and notify, webauthn:extension:credBlob: true, webauthn:extension:largeBlob: true, webauthn:extension:minPinLength: true, webauthn:extension:prf: true, webauthn:virtualAuthenticators: true}
Session ID: f13a3de292a6d79954f86822ead72514
	at org.testng.Assert.fail(Assert.java:111)
	at testCases.TC_BudgetTest.verifyBudget(TC_BudgetTest.java:51)
	at java.base/jdk.internal.reflect.DirectMethodHandleAccessor.invoke(DirectMethodHandleAccessor.java:103)
	at java.base/java.lang.reflect.Method.invoke(Method.java:580)
	at org.testng.internal.invokers.MethodInvocationHelper.invokeMethod(MethodInvocationHelper.java:141)
	at org.testng.internal.invokers.TestInvoker.invokeMethod(TestInvoker.java:686)
	at org.testng.internal.invokers.TestInvoker.invokeTestMethod(TestInvoker.java:230)
	at org.testng.internal.invokers.MethodRunner.runInSequence(MethodRunner.java:63)
	at org.testng.internal.invokers.TestInvoker$MethodInvocationAgent.invoke(TestInvoker.java:992)
	at org.testng.internal.invokers.TestInvoker.invokeTestMethods(TestInvoker.java:203)
	at org.testng.internal.invokers.TestMethodWorker.invokeTestMethods(TestMethodWorker.java:154)
	at org.testng.internal.invokers.TestMethodWorker.run(TestMethodWorker.java:134)
	at java.base/java.util.ArrayList.forEach(ArrayList.java:1597)
	at org.testng.TestRunner.privateRun(TestRunner.java:739)
	at org.testng.TestRunner.run(TestRunner.java:614)
	at org.testng.SuiteRunner.runTest(SuiteRunner.java:421)
	at org.testng.SuiteRunner.runSequentially(SuiteRunner.java:413)
	at org.testng.SuiteRunner.privateRun(SuiteRunner.java:373)
	at org.testng.SuiteRunner.run(SuiteRunner.java:312)
	at org.testng.SuiteRunnerWorker.runSuite(SuiteRunnerWorker.java:52)
	at org.testng.SuiteRunnerWorker.run(SuiteRunnerWorker.java:95)
	at org.testng.TestNG.runSuitesSequentially(TestNG.java:1274)
	at org.testng.TestNG.runSuitesLocally(TestNG.java:1208)
	at org.testng.TestNG.runSuites(TestNG.java:1112)
	at org.testng.TestNG.run(TestNG.java:1079)
	at org.testng.remote.AbstractRemoteTestNG.run(AbstractRemoteTestNG.java:115)
	at org.testng.remote.RemoteTestNG.initAndRun(RemoteTestNG.java:293)
	at org.testng.remote.RemoteTestNG.main(RemoteTestNG.java:91)
</pre></div></td>
<td>12</td>
<td>testCases.TC_BudgetTest@7c098bb3</td></tr>
</table><p>
<table width='100%' border='1' class='invocation-passed'>
<tr><td colspan='4' align='center'><b>PASSED TESTS</b></td></tr>
<tr><td><b>Test method</b></td>
<td><b>Attribute(s)</b></td>
<td width="30%"><b>Exception</b></td>
<td width="10%"><b>Time (seconds)</b></td>
<td><b>Instance</b></td>
</tr>
<tr>
<td title='testCases.TC_CalendarTest.verifyCalendar()'><b>verifyCalendar</b><br>Test class: testCases.TC_CalendarTest</td>
<td></td>
<td>24</td>
<td>testCases.TC_CalendarTest@f001896</td></tr>
<tr>
<td title='testCases.TC_WorkLocationTest.verifyWorkLocation()'><b>verifyWorkLocation</b><br>Test class: testCases.TC_WorkLocationTest</td>
<td></td>
<td>14</td>
<td>testCases.TC_WorkLocationTest@765f05af</td></tr>
<tr>
<td title='testCases.TC_GradeTest.verifyGrade()'><b>verifyGrade</b><br>Test class: testCases.TC_GradeTest</td>
<td></td>
<td>16</td>
<td>testCases.TC_GradeTest@13f17eb4</td></tr>
<tr>
<td title='testCases.TC_DesignationTest.verifyDesignation()'><b>verifyDesignation</b><br>Test class: testCases.TC_DesignationTest</td>
<td></td>
<td>13</td>
<td>testCases.TC_DesignationTest@1d0d6318</td></tr>
<tr>
<td title='testCases.TC_QualificationTest.verifyQualification()'><b>verifyQualification</b><br>Test class: testCases.TC_QualificationTest</td>
<td></td>
<td>13</td>
<td>testCases.TC_QualificationTest@18cebaa5</td></tr>
<tr>
<td title='testCases.TC_DelegationTest.verifyDelegation()'><b>verifyDelegation</b><br>Test class: testCases.TC_DelegationTest</td>
<td></td>
<td>8</td>
<td>testCases.TC_DelegationTest@1ae67cad</td></tr>
<tr>
<td title='testCases.TC_DocumentTypeTest.verifyDocType()'><b>verifyDocType</b><br>Test class: testCases.TC_DocumentTypeTest</td>
<td></td>
<td>10</td>
<td>testCases.TC_DocumentTypeTest@31e4bb20</td></tr>
<tr>
<td title='testCases.TC_AssetIssueTest.verifyAssetIssue()'><b>verifyAssetIssue</b><br>Test class: testCases.TC_AssetIssueTest</td>
<td></td>
<td>22</td>
<td>testCases.TC_AssetIssueTest@2f6e28bc</td></tr>
<tr>
<td title='testCases.TC_BankTest.verifyBank()'><b>verifyBank</b><br>Test class: testCases.TC_BankTest</td>
<td></td>
<td>13</td>
<td>testCases.TC_BankTest@463b4ac8</td></tr>
<tr>
<td title='testCases.TC_LicensesTest.verifyLicenses()'><b>verifyLicenses</b><br>Test class: testCases.TC_LicensesTest</td>
<td></td>
<td>16</td>
<td>testCases.TC_LicensesTest@57ac5227</td></tr>
<tr>
<td title='testCases.TC_DeptTest.verifyDept()'><b>verifyDept</b><br>Test class: testCases.TC_DeptTest</td>
<td></td>
<td>15</td>
<td>testCases.TC_DeptTest@4bc28c33</td></tr>
<tr>
<td title='testCases.TC_EmployeeTest.verifyEmpCreation()'><b>verifyEmpCreation</b><br>Test class: testCases.TC_EmployeeTest</td>
<td></td>
<td>13</td>
<td>testCases.TC_EmployeeTest@4409e975</td></tr>
<tr>
<td title='testCases.TC_ReligionTest.verifyReligion()'><b>verifyReligion</b><br>Test class: testCases.TC_ReligionTest</td>
<td></td>
<td>14</td>
<td>testCases.TC_ReligionTest@62f68dff</td></tr>
</table><p>
</body>
</html>