<?xml version="1.0" encoding="UTF-8"?>
<!-- Generated by org.testng.reporters.JUnitXMLReporter -->
<testsuite ignored="1" hostname="Vaibhav-HP" failures="1" tests="13" name="Grid Tests" time="564.569" errors="0" timestamp="2024-11-01T23:45:03 IST">
  <testcase classname="testCases.TC_LicensesTest" name="verifyLicenses" time="23.045">
    <failure type="java.lang.AssertionError" message="Test case failed: org.openqa.selenium.NoSuchElementException: no such element: Unable to locate element: {&amp;quot;method&amp;quot;:&amp;quot;xpath&amp;quot;,&amp;quot;selector&amp;quot;:&amp;quot;//div[@class=&amp;apos;lookup-text&amp;apos;]&amp;quot;}
  (Session info: MicrosoftEdge=130.0.2849.56)
For documentation on this error, please visit: https://www.selenium.dev/documentation/webdriver/troubleshooting/errors#no-such-element-exception
Build info: version: &amp;apos;4.26.0&amp;apos;, revision: &amp;apos;8ccf0219d7&amp;apos;
System info: os.name: &amp;apos;Windows 11&amp;apos;, os.arch: &amp;apos;amd64&amp;apos;, os.version: &amp;apos;10.0&amp;apos;, java.version: &amp;apos;22&amp;apos;
Driver info: org.openqa.selenium.remote.RemoteWebDriver
Command: [a6cbfb6799c0642b68ddac7b81d6bfc6, findElement {value=//div[@class=&amp;apos;lookup-text&amp;apos;], using=xpath}]
Capabilities {acceptInsecureCerts: false, browserName: MicrosoftEdge, browserVersion: 130.0.2849.56, fedcm:accounts: true, ms:edgeOptions: {debuggerAddress: localhost:54923}, msedge: {msedgedriverVersion: 130.0.2849.68 (ef504a70102b..., userDataDir: C:\Users\Vaibhav\AppData\Lo...}, networkConnectionEnabled: false, pageLoadStrategy: normal, platformName: Windows 11, proxy: Proxy(), se:bidiEnabled: false, se:cdp: ws://192.168.102.117:4444/s..., se:cdpVersion: 130.0.2849.56, setWindowRect: true, strictFileInteractability: false, timeouts: {implicit: 0, pageLoad: 300000, script: 30000}, unhandledPromptBehavior: dismiss and notify, webauthn:extension:credBlob: true, webauthn:extension:largeBlob: true, webauthn:extension:minPinLength: true, webauthn:extension:prf: true, webauthn:virtualAuthenticators: true}
Session ID: a6cbfb6799c0642b68ddac7b81d6bfc6">
      <![CDATA[java.lang.AssertionError: Test case failed: org.openqa.selenium.NoSuchElementException: no such element: Unable to locate element: {"method":"xpath","selector":"//div[@class='lookup-text']"}
  (Session info: MicrosoftEdge=130.0.2849.56)
For documentation on this error, please visit: https://www.selenium.dev/documentation/webdriver/troubleshooting/errors#no-such-element-exception
Build info: version: '4.26.0', revision: '8ccf0219d7'
System info: os.name: 'Windows 11', os.arch: 'amd64', os.version: '10.0', java.version: '22'
Driver info: org.openqa.selenium.remote.RemoteWebDriver
Command: [a6cbfb6799c0642b68ddac7b81d6bfc6, findElement {value=//div[@class='lookup-text'], using=xpath}]
Capabilities {acceptInsecureCerts: false, browserName: MicrosoftEdge, browserVersion: 130.0.2849.56, fedcm:accounts: true, ms:edgeOptions: {debuggerAddress: localhost:54923}, msedge: {msedgedriverVersion: 130.0.2849.68 (ef504a70102b..., userDataDir: C:\Users\Vaibhav\AppData\Lo...}, networkConnectionEnabled: false, pageLoadStrategy: normal, platformName: Windows 11, proxy: Proxy(), se:bidiEnabled: false, se:cdp: ws://192.168.102.117:4444/s..., se:cdpVersion: 130.0.2849.56, setWindowRect: true, strictFileInteractability: false, timeouts: {implicit: 0, pageLoad: 300000, script: 30000}, unhandledPromptBehavior: dismiss and notify, webauthn:extension:credBlob: true, webauthn:extension:largeBlob: true, webauthn:extension:minPinLength: true, webauthn:extension:prf: true, webauthn:virtualAuthenticators: true}
Session ID: a6cbfb6799c0642b68ddac7b81d6bfc6
at testCases.TC_LicensesTest.verifyLicenses(TC_LicensesTest.java:46)
at java.base/java.util.ArrayList.forEach(ArrayList.java:1597)
... Removed 26 stack frames]]>
    </failure>
  </testcase> <!-- verifyLicenses -->
  <testcase classname="testCases.TC_DelegationTest" name="verifyDelegation" time="16.288"/>
  <testcase classname="testCases.TC_AssetIssueTest" name="verifyAssetIssue" time="21.933"/>
  <testcase classname="testCases.TC_DocumentTypeTest" name="verifyDocType" time="9.792"/>
  <testcase classname="testCases.TC_QualificationTest" name="verifyQualification" time="12.345"/>
  <testcase classname="testCases.TC_BankTest" name="verifyBank" time="12.268"/>
  <testcase classname="testCases.TC_WorkLocationTest" name="verifyWorkLocation" time="14.663"/>
  <testcase classname="testCases.TC_ReligionTest" name="verifyReligion" time="13.819"/>
  <testcase classname="testCases.TC_CalendarTest" name="verifyCalendar" time="21.873"/>
  <testcase classname="testCases.TC_GradeTest" name="verifyGrade" time="16.759"/>
  <testcase classname="testCases.TC_DesignationTest" name="verifyDesignation" time="12.427"/>
  <testcase classname="testCases.TC_DeptTest" name="verifyDept" time="13.771"/>
  <testcase classname="testCases.TC_EmployeeTest" name="verifyEmpCreation" time="10.824"/>
  <testcase classname="testCases.TC_LoginTest" name="verify_login" time="0.0">
    <ignored/>
  </testcase> <!-- verify_login -->
</testsuite> <!-- Grid Tests -->
